{"C:\\Users\\nikko\\Desktop\\front-end\\rolling-scopes\\rs-react-course\\src\\components\\CardItem\\CardItem.tsx": {"path":"C:\\Users\\nikko\\Desktop\\front-end\\rolling-scopes\\rs-react-course\\src\\components\\CardItem\\CardItem.tsx","all":false,"statementMap":{"0":{"start":{"line":1,"column":0},"end":{"line":1,"column":26}},"1":{"start":{"line":2,"column":0},"end":{"line":2,"column":40}},"2":{"start":{"line":3,"column":0},"end":{"line":3,"column":43}},"3":{"start":{"line":4,"column":0},"end":{"line":4,"column":0}},"4":{"start":{"line":5,"column":0},"end":{"line":5,"column":14}},"5":{"start":{"line":6,"column":0},"end":{"line":6,"column":15}},"6":{"start":{"line":7,"column":0},"end":{"line":7,"column":16}},"7":{"start":{"line":8,"column":0},"end":{"line":8,"column":22}},"8":{"start":{"line":9,"column":0},"end":{"line":9,"column":14}},"9":{"start":{"line":10,"column":0},"end":{"line":10,"column":2}},"10":{"start":{"line":11,"column":0},"end":{"line":11,"column":0}},"11":{"start":{"line":12,"column":0},"end":{"line":12,"column":56}},"12":{"start":{"line":13,"column":0},"end":{"line":13,"column":10}},"13":{"start":{"line":14,"column":0},"end":{"line":14,"column":38}},"14":{"start":{"line":15,"column":0},"end":{"line":15,"column":50}},"15":{"start":{"line":16,"column":0},"end":{"line":16,"column":11}},"16":{"start":{"line":17,"column":0},"end":{"line":17,"column":49}},"17":{"start":{"line":18,"column":0},"end":{"line":18,"column":28}},"18":{"start":{"line":19,"column":0},"end":{"line":19,"column":42}},"19":{"start":{"line":20,"column":0},"end":{"line":20,"column":79}},"20":{"start":{"line":21,"column":0},"end":{"line":21,"column":21}},"21":{"start":{"line":22,"column":0},"end":{"line":22,"column":17}},"22":{"start":{"line":23,"column":0},"end":{"line":23,"column":17}},"23":{"start":{"line":24,"column":0},"end":{"line":24,"column":12}},"24":{"start":{"line":25,"column":0},"end":{"line":25,"column":10}},"25":{"start":{"line":26,"column":0},"end":{"line":26,"column":4}},"26":{"start":{"line":27,"column":0},"end":{"line":27,"column":1}},"27":{"start":{"line":28,"column":0},"end":{"line":28,"column":0}},"28":{"start":{"line":29,"column":0},"end":{"line":29,"column":24}}},"s":{"0":1,"1":1,"2":1,"3":1,"4":1,"5":1,"6":1,"7":1,"8":1,"9":1,"10":1,"11":17,"12":17,"13":17,"14":17,"15":17,"16":17,"17":17,"18":17,"19":17,"20":17,"21":17,"22":17,"23":17,"24":17,"25":17,"26":17,"27":1,"28":1},"branchMap":{"0":{"type":"branch","line":12,"loc":{"start":{"line":12,"column":0},"end":{"line":27,"column":1}},"locations":[{"start":{"line":12,"column":0},"end":{"line":27,"column":1}}]}},"b":{"0":[17]},"fnMap":{"0":{"name":"CardItem","decl":{"start":{"line":12,"column":0},"end":{"line":27,"column":1}},"loc":{"start":{"line":12,"column":0},"end":{"line":27,"column":1}},"line":12}},"f":{"0":17}}
,"C:\\Users\\nikko\\Desktop\\front-end\\rolling-scopes\\rs-react-course\\src\\components\\CardsList\\CardsList.tsx": {"path":"C:\\Users\\nikko\\Desktop\\front-end\\rolling-scopes\\rs-react-course\\src\\components\\CardsList\\CardsList.tsx","all":false,"statementMap":{"0":{"start":{"line":1,"column":0},"end":{"line":1,"column":41}},"1":{"start":{"line":2,"column":0},"end":{"line":2,"column":35}},"2":{"start":{"line":3,"column":0},"end":{"line":3,"column":44}},"3":{"start":{"line":4,"column":0},"end":{"line":4,"column":44}},"4":{"start":{"line":5,"column":0},"end":{"line":5,"column":0}},"5":{"start":{"line":6,"column":0},"end":{"line":6,"column":19}},"6":{"start":{"line":7,"column":0},"end":{"line":7,"column":0}},"7":{"start":{"line":8,"column":0},"end":{"line":8,"column":19}},"8":{"start":{"line":9,"column":0},"end":{"line":9,"column":0}},"9":{"start":{"line":10,"column":0},"end":{"line":10,"column":101}},"10":{"start":{"line":11,"column":0},"end":{"line":11,"column":0}},"11":{"start":{"line":12,"column":0},"end":{"line":12,"column":35}},"12":{"start":{"line":13,"column":0},"end":{"line":13,"column":11}},"13":{"start":{"line":14,"column":0},"end":{"line":14,"column":21}},"14":{"start":{"line":15,"column":0},"end":{"line":15,"column":4}},"15":{"start":{"line":16,"column":0},"end":{"line":16,"column":0}},"16":{"start":{"line":17,"column":0},"end":{"line":17,"column":12}},"17":{"start":{"line":18,"column":0},"end":{"line":18,"column":12}},"18":{"start":{"line":19,"column":0},"end":{"line":19,"column":40}},"19":{"start":{"line":20,"column":0},"end":{"line":20,"column":47}},"20":{"start":{"line":21,"column":0},"end":{"line":21,"column":18}},"21":{"start":{"line":22,"column":0},"end":{"line":22,"column":21}},"22":{"start":{"line":23,"column":0},"end":{"line":23,"column":25}},"23":{"start":{"line":24,"column":0},"end":{"line":24,"column":28}},"24":{"start":{"line":25,"column":0},"end":{"line":25,"column":66}},"25":{"start":{"line":26,"column":0},"end":{"line":26,"column":48}},"26":{"start":{"line":27,"column":0},"end":{"line":27,"column":14}},"27":{"start":{"line":28,"column":0},"end":{"line":28,"column":12}},"28":{"start":{"line":29,"column":0},"end":{"line":29,"column":11}},"29":{"start":{"line":30,"column":0},"end":{"line":30,"column":12}},"30":{"start":{"line":31,"column":0},"end":{"line":31,"column":6}},"31":{"start":{"line":32,"column":0},"end":{"line":32,"column":3}},"32":{"start":{"line":33,"column":0},"end":{"line":33,"column":1}},"33":{"start":{"line":34,"column":0},"end":{"line":34,"column":0}},"34":{"start":{"line":35,"column":0},"end":{"line":35,"column":25}}},"s":{"0":1,"1":1,"2":1,"3":1,"4":1,"5":1,"6":1,"7":1,"8":1,"9":1,"10":1,"11":2,"12":2,"13":2,"14":2,"15":2,"16":2,"17":2,"18":2,"19":2,"20":16,"21":16,"22":16,"23":16,"24":16,"25":16,"26":16,"27":16,"28":2,"29":2,"30":2,"31":2,"32":2,"33":1,"34":1},"branchMap":{"0":{"type":"branch","line":12,"loc":{"start":{"line":12,"column":0},"end":{"line":33,"column":1}},"locations":[{"start":{"line":12,"column":0},"end":{"line":33,"column":1}}]},"1":{"type":"branch","line":17,"loc":{"start":{"line":17,"column":2},"end":{"line":32,"column":3}},"locations":[{"start":{"line":17,"column":2},"end":{"line":32,"column":3}}]},"2":{"type":"branch","line":20,"loc":{"start":{"line":20,"column":38},"end":{"line":29,"column":9}},"locations":[{"start":{"line":20,"column":38},"end":{"line":29,"column":9}}]},"3":{"type":"branch","line":25,"loc":{"start":{"line":25,"column":30},"end":{"line":25,"column":66}},"locations":[{"start":{"line":25,"column":30},"end":{"line":25,"column":66}}]}},"b":{"0":[2],"1":[2],"2":[16],"3":[10]},"fnMap":{"0":{"name":"<instance_members_initializer>","decl":{"start":{"line":12,"column":0},"end":{"line":33,"column":1}},"loc":{"start":{"line":12,"column":0},"end":{"line":33,"column":1}},"line":12},"1":{"name":"render","decl":{"start":{"line":17,"column":2},"end":{"line":32,"column":3}},"loc":{"start":{"line":17,"column":2},"end":{"line":32,"column":3}},"line":17}},"f":{"0":2,"1":2}}
,"C:\\Users\\nikko\\Desktop\\front-end\\rolling-scopes\\rs-react-course\\src\\components\\Navigation\\Navigation.tsx": {"path":"C:\\Users\\nikko\\Desktop\\front-end\\rolling-scopes\\rs-react-course\\src\\components\\Navigation\\Navigation.tsx","all":false,"statementMap":{"0":{"start":{"line":1,"column":0},"end":{"line":1,"column":26}},"1":{"start":{"line":2,"column":0},"end":{"line":2,"column":40}},"2":{"start":{"line":3,"column":0},"end":{"line":3,"column":45}},"3":{"start":{"line":4,"column":0},"end":{"line":4,"column":0}},"4":{"start":{"line":5,"column":0},"end":{"line":5,"column":23}},"5":{"start":{"line":6,"column":0},"end":{"line":6,"column":10}},"6":{"start":{"line":7,"column":0},"end":{"line":7,"column":38}},"7":{"start":{"line":8,"column":0},"end":{"line":8,"column":59}},"8":{"start":{"line":9,"column":0},"end":{"line":9,"column":17}},"9":{"start":{"line":10,"column":0},"end":{"line":10,"column":13}},"10":{"start":{"line":11,"column":0},"end":{"line":11,"column":64}},"11":{"start":{"line":12,"column":0},"end":{"line":12,"column":16}},"12":{"start":{"line":13,"column":0},"end":{"line":13,"column":13}},"13":{"start":{"line":14,"column":0},"end":{"line":14,"column":64}},"14":{"start":{"line":15,"column":0},"end":{"line":15,"column":13}},"15":{"start":{"line":16,"column":0},"end":{"line":16,"column":13}},"16":{"start":{"line":17,"column":0},"end":{"line":17,"column":10}},"17":{"start":{"line":18,"column":0},"end":{"line":18,"column":4}},"18":{"start":{"line":19,"column":0},"end":{"line":19,"column":1}},"19":{"start":{"line":20,"column":0},"end":{"line":20,"column":0}},"20":{"start":{"line":21,"column":0},"end":{"line":21,"column":26}}},"s":{"0":1,"1":1,"2":1,"3":1,"4":4,"5":4,"6":4,"7":4,"8":4,"9":4,"10":4,"11":4,"12":4,"13":4,"14":4,"15":4,"16":4,"17":4,"18":4,"19":1,"20":1},"branchMap":{"0":{"type":"branch","line":5,"loc":{"start":{"line":5,"column":0},"end":{"line":19,"column":1}},"locations":[{"start":{"line":5,"column":0},"end":{"line":19,"column":1}}]}},"b":{"0":[4]},"fnMap":{"0":{"name":"Navigation","decl":{"start":{"line":5,"column":0},"end":{"line":19,"column":1}},"loc":{"start":{"line":5,"column":0},"end":{"line":19,"column":1}},"line":5}},"f":{"0":4}}
,"C:\\Users\\nikko\\Desktop\\front-end\\rolling-scopes\\rs-react-course\\src\\components\\SearchBar\\SearchBar.tsx": {"path":"C:\\Users\\nikko\\Desktop\\front-end\\rolling-scopes\\rs-react-course\\src\\components\\SearchBar\\SearchBar.tsx","all":false,"statementMap":{"0":{"start":{"line":1,"column":0},"end":{"line":1,"column":26}},"1":{"start":{"line":2,"column":0},"end":{"line":2,"column":44}},"2":{"start":{"line":3,"column":0},"end":{"line":3,"column":0}},"3":{"start":{"line":4,"column":0},"end":{"line":4,"column":25}},"4":{"start":{"line":5,"column":0},"end":{"line":5,"column":0}},"5":{"start":{"line":6,"column":0},"end":{"line":6,"column":26}},"6":{"start":{"line":7,"column":0},"end":{"line":7,"column":16}},"7":{"start":{"line":8,"column":0},"end":{"line":8,"column":1}},"8":{"start":{"line":9,"column":0},"end":{"line":9,"column":0}},"9":{"start":{"line":10,"column":0},"end":{"line":10,"column":73}},"10":{"start":{"line":11,"column":0},"end":{"line":11,"column":38}},"11":{"start":{"line":12,"column":0},"end":{"line":12,"column":17}},"12":{"start":{"line":13,"column":0},"end":{"line":13,"column":0}},"13":{"start":{"line":14,"column":0},"end":{"line":14,"column":18}},"14":{"start":{"line":15,"column":0},"end":{"line":15,"column":117}},"15":{"start":{"line":16,"column":0},"end":{"line":16,"column":6}},"16":{"start":{"line":17,"column":0},"end":{"line":17,"column":0}},"17":{"start":{"line":18,"column":0},"end":{"line":18,"column":63}},"18":{"start":{"line":19,"column":0},"end":{"line":19,"column":3}},"19":{"start":{"line":20,"column":0},"end":{"line":20,"column":0}},"20":{"start":{"line":21,"column":0},"end":{"line":21,"column":26}},"21":{"start":{"line":22,"column":0},"end":{"line":22,"column":113}},"22":{"start":{"line":23,"column":0},"end":{"line":23,"column":3}},"23":{"start":{"line":24,"column":0},"end":{"line":24,"column":0}},"24":{"start":{"line":25,"column":0},"end":{"line":25,"column":65}},"25":{"start":{"line":26,"column":0},"end":{"line":26,"column":49}},"26":{"start":{"line":27,"column":0},"end":{"line":27,"column":3}},"27":{"start":{"line":28,"column":0},"end":{"line":28,"column":0}},"28":{"start":{"line":29,"column":0},"end":{"line":29,"column":12}},"29":{"start":{"line":30,"column":0},"end":{"line":30,"column":12}},"30":{"start":{"line":31,"column":0},"end":{"line":31,"column":40}},"31":{"start":{"line":32,"column":0},"end":{"line":32,"column":88}},"32":{"start":{"line":33,"column":0},"end":{"line":33,"column":12}},"33":{"start":{"line":34,"column":0},"end":{"line":34,"column":6}},"34":{"start":{"line":35,"column":0},"end":{"line":35,"column":3}},"35":{"start":{"line":36,"column":0},"end":{"line":36,"column":1}},"36":{"start":{"line":37,"column":0},"end":{"line":37,"column":0}},"37":{"start":{"line":38,"column":0},"end":{"line":38,"column":25}}},"s":{"0":1,"1":1,"2":1,"3":1,"4":1,"5":1,"6":1,"7":1,"8":1,"9":1,"10":1,"11":2,"12":2,"13":2,"14":2,"15":2,"16":2,"17":2,"18":2,"19":1,"20":1,"21":2,"22":2,"23":1,"24":1,"25":2,"26":2,"27":1,"28":1,"29":4,"30":4,"31":4,"32":4,"33":4,"34":4,"35":1,"36":1,"37":1},"branchMap":{"0":{"type":"branch","line":11,"loc":{"start":{"line":11,"column":2},"end":{"line":19,"column":3}},"locations":[{"start":{"line":11,"column":2},"end":{"line":19,"column":3}}]},"1":{"type":"branch","line":21,"loc":{"start":{"line":21,"column":2},"end":{"line":23,"column":3}},"locations":[{"start":{"line":21,"column":2},"end":{"line":23,"column":3}}]},"2":{"type":"branch","line":25,"loc":{"start":{"line":25,"column":2},"end":{"line":27,"column":3}},"locations":[{"start":{"line":25,"column":2},"end":{"line":27,"column":3}}]},"3":{"type":"branch","line":29,"loc":{"start":{"line":29,"column":2},"end":{"line":35,"column":3}},"locations":[{"start":{"line":29,"column":2},"end":{"line":35,"column":3}}]}},"b":{"0":[2],"1":[2],"2":[2],"3":[4]},"fnMap":{"0":{"name":"SearchBar","decl":{"start":{"line":11,"column":2},"end":{"line":19,"column":3}},"loc":{"start":{"line":11,"column":2},"end":{"line":19,"column":3}},"line":11},"1":{"name":"componentWillUnmount","decl":{"start":{"line":21,"column":2},"end":{"line":23,"column":3}},"loc":{"start":{"line":21,"column":2},"end":{"line":23,"column":3}},"line":21},"2":{"name":"handleInputChange","decl":{"start":{"line":25,"column":2},"end":{"line":27,"column":3}},"loc":{"start":{"line":25,"column":2},"end":{"line":27,"column":3}},"line":25},"3":{"name":"render","decl":{"start":{"line":29,"column":2},"end":{"line":35,"column":3}},"loc":{"start":{"line":29,"column":2},"end":{"line":35,"column":3}},"line":29}},"f":{"0":2,"1":2,"2":2,"3":4}}
,"C:\\Users\\nikko\\Desktop\\front-end\\rolling-scopes\\rs-react-course\\src\\data\\data.ts": {"path":"C:\\Users\\nikko\\Desktop\\front-end\\rolling-scopes\\rs-react-course\\src\\data\\data.ts","all":false,"statementMap":{"0":{"start":{"line":1,"column":0},"end":{"line":1,"column":14}},"1":{"start":{"line":2,"column":0},"end":{"line":2,"column":12}},"2":{"start":{"line":3,"column":0},"end":{"line":3,"column":15}},"3":{"start":{"line":4,"column":0},"end":{"line":4,"column":29}},"4":{"start":{"line":5,"column":0},"end":{"line":5,"column":60}},"5":{"start":{"line":6,"column":0},"end":{"line":6,"column":92}},"6":{"start":{"line":7,"column":0},"end":{"line":7,"column":51}},"7":{"start":{"line":8,"column":0},"end":{"line":8,"column":9}},"8":{"start":{"line":9,"column":0},"end":{"line":9,"column":14}},"9":{"start":{"line":10,"column":0},"end":{"line":10,"column":13}},"10":{"start":{"line":11,"column":0},"end":{"line":11,"column":16}},"11":{"start":{"line":12,"column":0},"end":{"line":12,"column":13}},"12":{"start":{"line":13,"column":0},"end":{"line":13,"column":14}},"13":{"start":{"line":14,"column":0},"end":{"line":14,"column":7}},"14":{"start":{"line":15,"column":0},"end":{"line":15,"column":20}},"15":{"start":{"line":16,"column":0},"end":{"line":16,"column":24}},"16":{"start":{"line":17,"column":0},"end":{"line":17,"column":24}},"17":{"start":{"line":18,"column":0},"end":{"line":18,"column":45}},"18":{"start":{"line":19,"column":0},"end":{"line":19,"column":20}},"19":{"start":{"line":20,"column":0},"end":{"line":20,"column":76}},"20":{"start":{"line":21,"column":0},"end":{"line":21,"column":27}},"21":{"start":{"line":22,"column":0},"end":{"line":22,"column":10}},"22":{"start":{"line":23,"column":0},"end":{"line":23,"column":78}},"23":{"start":{"line":24,"column":0},"end":{"line":24,"column":17}},"24":{"start":{"line":25,"column":0},"end":{"line":25,"column":24}},"25":{"start":{"line":26,"column":0},"end":{"line":26,"column":89}},"26":{"start":{"line":27,"column":0},"end":{"line":27,"column":18}},"27":{"start":{"line":28,"column":0},"end":{"line":28,"column":13}},"28":{"start":{"line":29,"column":0},"end":{"line":29,"column":78}},"29":{"start":{"line":30,"column":0},"end":{"line":30,"column":58}},"30":{"start":{"line":31,"column":0},"end":{"line":31,"column":14}},"31":{"start":{"line":32,"column":0},"end":{"line":32,"column":13}},"32":{"start":{"line":33,"column":0},"end":{"line":33,"column":78}},"33":{"start":{"line":34,"column":0},"end":{"line":34,"column":78}},"34":{"start":{"line":35,"column":0},"end":{"line":35,"column":14}},"35":{"start":{"line":36,"column":0},"end":{"line":36,"column":13}},"36":{"start":{"line":37,"column":0},"end":{"line":37,"column":78}},"37":{"start":{"line":38,"column":0},"end":{"line":38,"column":58}},"38":{"start":{"line":39,"column":0},"end":{"line":39,"column":14}},"39":{"start":{"line":40,"column":0},"end":{"line":40,"column":13}},"40":{"start":{"line":41,"column":0},"end":{"line":41,"column":78}},"41":{"start":{"line":42,"column":0},"end":{"line":42,"column":58}},"42":{"start":{"line":43,"column":0},"end":{"line":43,"column":14}},"43":{"start":{"line":44,"column":0},"end":{"line":44,"column":13}},"44":{"start":{"line":45,"column":0},"end":{"line":45,"column":78}},"45":{"start":{"line":46,"column":0},"end":{"line":46,"column":58}},"46":{"start":{"line":47,"column":0},"end":{"line":47,"column":14}},"47":{"start":{"line":48,"column":0},"end":{"line":48,"column":13}},"48":{"start":{"line":49,"column":0},"end":{"line":49,"column":78}},"49":{"start":{"line":50,"column":0},"end":{"line":50,"column":58}},"50":{"start":{"line":51,"column":0},"end":{"line":51,"column":14}},"51":{"start":{"line":52,"column":0},"end":{"line":52,"column":13}},"52":{"start":{"line":53,"column":0},"end":{"line":53,"column":78}},"53":{"start":{"line":54,"column":0},"end":{"line":54,"column":75}},"54":{"start":{"line":55,"column":0},"end":{"line":55,"column":14}},"55":{"start":{"line":56,"column":0},"end":{"line":56,"column":13}},"56":{"start":{"line":57,"column":0},"end":{"line":57,"column":78}},"57":{"start":{"line":58,"column":0},"end":{"line":58,"column":58}},"58":{"start":{"line":59,"column":0},"end":{"line":59,"column":14}},"59":{"start":{"line":60,"column":0},"end":{"line":60,"column":13}},"60":{"start":{"line":61,"column":0},"end":{"line":61,"column":77}},"61":{"start":{"line":62,"column":0},"end":{"line":62,"column":42}},"62":{"start":{"line":63,"column":0},"end":{"line":63,"column":14}},"63":{"start":{"line":64,"column":0},"end":{"line":64,"column":13}},"64":{"start":{"line":65,"column":0},"end":{"line":65,"column":78}},"65":{"start":{"line":66,"column":0},"end":{"line":66,"column":49}},"66":{"start":{"line":67,"column":0},"end":{"line":67,"column":14}},"67":{"start":{"line":68,"column":0},"end":{"line":68,"column":13}},"68":{"start":{"line":69,"column":0},"end":{"line":69,"column":78}},"69":{"start":{"line":70,"column":0},"end":{"line":70,"column":49}},"70":{"start":{"line":71,"column":0},"end":{"line":71,"column":14}},"71":{"start":{"line":72,"column":0},"end":{"line":72,"column":13}},"72":{"start":{"line":73,"column":0},"end":{"line":73,"column":78}},"73":{"start":{"line":74,"column":0},"end":{"line":74,"column":49}},"74":{"start":{"line":75,"column":0},"end":{"line":75,"column":14}},"75":{"start":{"line":76,"column":0},"end":{"line":76,"column":12}},"76":{"start":{"line":77,"column":0},"end":{"line":77,"column":23}},"77":{"start":{"line":78,"column":0},"end":{"line":78,"column":10}},"78":{"start":{"line":79,"column":0},"end":{"line":79,"column":17}},"79":{"start":{"line":80,"column":0},"end":{"line":80,"column":23}},"80":{"start":{"line":81,"column":0},"end":{"line":81,"column":89}},"81":{"start":{"line":82,"column":0},"end":{"line":82,"column":18}},"82":{"start":{"line":83,"column":0},"end":{"line":83,"column":13}},"83":{"start":{"line":84,"column":0},"end":{"line":84,"column":77}},"84":{"start":{"line":85,"column":0},"end":{"line":85,"column":61}},"85":{"start":{"line":86,"column":0},"end":{"line":86,"column":14}},"86":{"start":{"line":87,"column":0},"end":{"line":87,"column":13}},"87":{"start":{"line":88,"column":0},"end":{"line":88,"column":77}},"88":{"start":{"line":89,"column":0},"end":{"line":89,"column":45}},"89":{"start":{"line":90,"column":0},"end":{"line":90,"column":14}},"90":{"start":{"line":91,"column":0},"end":{"line":91,"column":13}},"91":{"start":{"line":92,"column":0},"end":{"line":92,"column":77}},"92":{"start":{"line":93,"column":0},"end":{"line":93,"column":52}},"93":{"start":{"line":94,"column":0},"end":{"line":94,"column":14}},"94":{"start":{"line":95,"column":0},"end":{"line":95,"column":12}},"95":{"start":{"line":96,"column":0},"end":{"line":96,"column":22}},"96":{"start":{"line":97,"column":0},"end":{"line":97,"column":10}},"97":{"start":{"line":98,"column":0},"end":{"line":98,"column":18}},"98":{"start":{"line":99,"column":0},"end":{"line":99,"column":24}},"99":{"start":{"line":100,"column":0},"end":{"line":100,"column":90}},"100":{"start":{"line":101,"column":0},"end":{"line":101,"column":18}},"101":{"start":{"line":102,"column":0},"end":{"line":102,"column":13}},"102":{"start":{"line":103,"column":0},"end":{"line":103,"column":79}},"103":{"start":{"line":104,"column":0},"end":{"line":104,"column":35}},"104":{"start":{"line":105,"column":0},"end":{"line":105,"column":28}},"105":{"start":{"line":106,"column":0},"end":{"line":106,"column":14}},"106":{"start":{"line":107,"column":0},"end":{"line":107,"column":13}},"107":{"start":{"line":108,"column":0},"end":{"line":108,"column":79}},"108":{"start":{"line":109,"column":0},"end":{"line":109,"column":35}},"109":{"start":{"line":110,"column":0},"end":{"line":110,"column":36}},"110":{"start":{"line":111,"column":0},"end":{"line":111,"column":14}},"111":{"start":{"line":112,"column":0},"end":{"line":112,"column":13}},"112":{"start":{"line":113,"column":0},"end":{"line":113,"column":79}},"113":{"start":{"line":114,"column":0},"end":{"line":114,"column":35}},"114":{"start":{"line":115,"column":0},"end":{"line":115,"column":28}},"115":{"start":{"line":116,"column":0},"end":{"line":116,"column":14}},"116":{"start":{"line":117,"column":0},"end":{"line":117,"column":13}},"117":{"start":{"line":118,"column":0},"end":{"line":118,"column":79}},"118":{"start":{"line":119,"column":0},"end":{"line":119,"column":41}},"119":{"start":{"line":120,"column":0},"end":{"line":120,"column":36}},"120":{"start":{"line":121,"column":0},"end":{"line":121,"column":14}},"121":{"start":{"line":122,"column":0},"end":{"line":122,"column":13}},"122":{"start":{"line":123,"column":0},"end":{"line":123,"column":79}},"123":{"start":{"line":124,"column":0},"end":{"line":124,"column":35}},"124":{"start":{"line":125,"column":0},"end":{"line":125,"column":28}},"125":{"start":{"line":126,"column":0},"end":{"line":126,"column":14}},"126":{"start":{"line":127,"column":0},"end":{"line":127,"column":13}},"127":{"start":{"line":128,"column":0},"end":{"line":128,"column":79}},"128":{"start":{"line":129,"column":0},"end":{"line":129,"column":52}},"129":{"start":{"line":130,"column":0},"end":{"line":130,"column":36}},"130":{"start":{"line":131,"column":0},"end":{"line":131,"column":14}},"131":{"start":{"line":132,"column":0},"end":{"line":132,"column":13}},"132":{"start":{"line":133,"column":0},"end":{"line":133,"column":79}},"133":{"start":{"line":134,"column":0},"end":{"line":134,"column":58}},"134":{"start":{"line":135,"column":0},"end":{"line":135,"column":28}},"135":{"start":{"line":136,"column":0},"end":{"line":136,"column":14}},"136":{"start":{"line":137,"column":0},"end":{"line":137,"column":13}},"137":{"start":{"line":138,"column":0},"end":{"line":138,"column":79}},"138":{"start":{"line":139,"column":0},"end":{"line":139,"column":64}},"139":{"start":{"line":140,"column":0},"end":{"line":140,"column":36}},"140":{"start":{"line":141,"column":0},"end":{"line":141,"column":14}},"141":{"start":{"line":142,"column":0},"end":{"line":142,"column":13}},"142":{"start":{"line":143,"column":0},"end":{"line":143,"column":79}},"143":{"start":{"line":144,"column":0},"end":{"line":144,"column":58}},"144":{"start":{"line":145,"column":0},"end":{"line":145,"column":28}},"145":{"start":{"line":146,"column":0},"end":{"line":146,"column":14}},"146":{"start":{"line":147,"column":0},"end":{"line":147,"column":13}},"147":{"start":{"line":148,"column":0},"end":{"line":148,"column":79}},"148":{"start":{"line":149,"column":0},"end":{"line":149,"column":64}},"149":{"start":{"line":150,"column":0},"end":{"line":150,"column":36}},"150":{"start":{"line":151,"column":0},"end":{"line":151,"column":14}},"151":{"start":{"line":152,"column":0},"end":{"line":152,"column":13}},"152":{"start":{"line":153,"column":0},"end":{"line":153,"column":79}},"153":{"start":{"line":154,"column":0},"end":{"line":154,"column":58}},"154":{"start":{"line":155,"column":0},"end":{"line":155,"column":28}},"155":{"start":{"line":156,"column":0},"end":{"line":156,"column":14}},"156":{"start":{"line":157,"column":0},"end":{"line":157,"column":13}},"157":{"start":{"line":158,"column":0},"end":{"line":158,"column":79}},"158":{"start":{"line":159,"column":0},"end":{"line":159,"column":64}},"159":{"start":{"line":160,"column":0},"end":{"line":160,"column":36}},"160":{"start":{"line":161,"column":0},"end":{"line":161,"column":14}},"161":{"start":{"line":162,"column":0},"end":{"line":162,"column":13}},"162":{"start":{"line":163,"column":0},"end":{"line":163,"column":79}},"163":{"start":{"line":164,"column":0},"end":{"line":164,"column":58}},"164":{"start":{"line":165,"column":0},"end":{"line":165,"column":28}},"165":{"start":{"line":166,"column":0},"end":{"line":166,"column":14}},"166":{"start":{"line":167,"column":0},"end":{"line":167,"column":13}},"167":{"start":{"line":168,"column":0},"end":{"line":168,"column":79}},"168":{"start":{"line":169,"column":0},"end":{"line":169,"column":64}},"169":{"start":{"line":170,"column":0},"end":{"line":170,"column":36}},"170":{"start":{"line":171,"column":0},"end":{"line":171,"column":14}},"171":{"start":{"line":172,"column":0},"end":{"line":172,"column":13}},"172":{"start":{"line":173,"column":0},"end":{"line":173,"column":79}},"173":{"start":{"line":174,"column":0},"end":{"line":174,"column":58}},"174":{"start":{"line":175,"column":0},"end":{"line":175,"column":28}},"175":{"start":{"line":176,"column":0},"end":{"line":176,"column":14}},"176":{"start":{"line":177,"column":0},"end":{"line":177,"column":13}},"177":{"start":{"line":178,"column":0},"end":{"line":178,"column":79}},"178":{"start":{"line":179,"column":0},"end":{"line":179,"column":64}},"179":{"start":{"line":180,"column":0},"end":{"line":180,"column":36}},"180":{"start":{"line":181,"column":0},"end":{"line":181,"column":14}},"181":{"start":{"line":182,"column":0},"end":{"line":182,"column":13}},"182":{"start":{"line":183,"column":0},"end":{"line":183,"column":79}},"183":{"start":{"line":184,"column":0},"end":{"line":184,"column":80}},"184":{"start":{"line":185,"column":0},"end":{"line":185,"column":36}},"185":{"start":{"line":186,"column":0},"end":{"line":186,"column":14}},"186":{"start":{"line":187,"column":0},"end":{"line":187,"column":13}},"187":{"start":{"line":188,"column":0},"end":{"line":188,"column":79}},"188":{"start":{"line":189,"column":0},"end":{"line":189,"column":58}},"189":{"start":{"line":190,"column":0},"end":{"line":190,"column":28}},"190":{"start":{"line":191,"column":0},"end":{"line":191,"column":14}},"191":{"start":{"line":192,"column":0},"end":{"line":192,"column":13}},"192":{"start":{"line":193,"column":0},"end":{"line":193,"column":79}},"193":{"start":{"line":194,"column":0},"end":{"line":194,"column":64}},"194":{"start":{"line":195,"column":0},"end":{"line":195,"column":36}},"195":{"start":{"line":196,"column":0},"end":{"line":196,"column":14}},"196":{"start":{"line":197,"column":0},"end":{"line":197,"column":13}},"197":{"start":{"line":198,"column":0},"end":{"line":198,"column":79}},"198":{"start":{"line":199,"column":0},"end":{"line":199,"column":83}},"199":{"start":{"line":200,"column":0},"end":{"line":200,"column":36}},"200":{"start":{"line":201,"column":0},"end":{"line":201,"column":14}},"201":{"start":{"line":202,"column":0},"end":{"line":202,"column":12}},"202":{"start":{"line":203,"column":0},"end":{"line":203,"column":23}},"203":{"start":{"line":204,"column":0},"end":{"line":204,"column":10}},"204":{"start":{"line":205,"column":0},"end":{"line":205,"column":17}},"205":{"start":{"line":206,"column":0},"end":{"line":206,"column":23}},"206":{"start":{"line":207,"column":0},"end":{"line":207,"column":89}},"207":{"start":{"line":208,"column":0},"end":{"line":208,"column":18}},"208":{"start":{"line":209,"column":0},"end":{"line":209,"column":13}},"209":{"start":{"line":210,"column":0},"end":{"line":210,"column":76}},"210":{"start":{"line":211,"column":0},"end":{"line":211,"column":38}},"211":{"start":{"line":212,"column":0},"end":{"line":212,"column":14}},"212":{"start":{"line":213,"column":0},"end":{"line":213,"column":12}},"213":{"start":{"line":214,"column":0},"end":{"line":214,"column":22}},"214":{"start":{"line":215,"column":0},"end":{"line":215,"column":10}},"215":{"start":{"line":216,"column":0},"end":{"line":216,"column":15}},"216":{"start":{"line":217,"column":0},"end":{"line":217,"column":11}},"217":{"start":{"line":218,"column":0},"end":{"line":218,"column":27}},"218":{"start":{"line":219,"column":0},"end":{"line":219,"column":123}},"219":{"start":{"line":220,"column":0},"end":{"line":220,"column":12}},"220":{"start":{"line":221,"column":0},"end":{"line":221,"column":11}},"221":{"start":{"line":222,"column":0},"end":{"line":222,"column":25}},"222":{"start":{"line":223,"column":0},"end":{"line":223,"column":129}},"223":{"start":{"line":224,"column":0},"end":{"line":224,"column":12}},"224":{"start":{"line":225,"column":0},"end":{"line":225,"column":11}},"225":{"start":{"line":226,"column":0},"end":{"line":226,"column":30}},"226":{"start":{"line":227,"column":0},"end":{"line":227,"column":135}},"227":{"start":{"line":228,"column":0},"end":{"line":228,"column":12}},"228":{"start":{"line":229,"column":0},"end":{"line":229,"column":10}},"229":{"start":{"line":230,"column":0},"end":{"line":230,"column":8}},"230":{"start":{"line":231,"column":0},"end":{"line":231,"column":7}},"231":{"start":{"line":232,"column":0},"end":{"line":232,"column":20}},"232":{"start":{"line":233,"column":0},"end":{"line":233,"column":29}},"233":{"start":{"line":234,"column":0},"end":{"line":234,"column":20}},"234":{"start":{"line":235,"column":0},"end":{"line":235,"column":315}},"235":{"start":{"line":236,"column":0},"end":{"line":236,"column":45}},"236":{"start":{"line":237,"column":0},"end":{"line":237,"column":20}},"237":{"start":{"line":238,"column":0},"end":{"line":238,"column":76}},"238":{"start":{"line":239,"column":0},"end":{"line":239,"column":27}},"239":{"start":{"line":240,"column":0},"end":{"line":240,"column":10}},"240":{"start":{"line":241,"column":0},"end":{"line":241,"column":78}},"241":{"start":{"line":242,"column":0},"end":{"line":242,"column":17}},"242":{"start":{"line":243,"column":0},"end":{"line":243,"column":23}},"243":{"start":{"line":244,"column":0},"end":{"line":244,"column":89}},"244":{"start":{"line":245,"column":0},"end":{"line":245,"column":18}},"245":{"start":{"line":246,"column":0},"end":{"line":246,"column":13}},"246":{"start":{"line":247,"column":0},"end":{"line":247,"column":78}},"247":{"start":{"line":248,"column":0},"end":{"line":248,"column":59}},"248":{"start":{"line":249,"column":0},"end":{"line":249,"column":14}},"249":{"start":{"line":250,"column":0},"end":{"line":250,"column":13}},"250":{"start":{"line":251,"column":0},"end":{"line":251,"column":78}},"251":{"start":{"line":252,"column":0},"end":{"line":252,"column":38}},"252":{"start":{"line":253,"column":0},"end":{"line":253,"column":14}},"253":{"start":{"line":254,"column":0},"end":{"line":254,"column":13}},"254":{"start":{"line":255,"column":0},"end":{"line":255,"column":78}},"255":{"start":{"line":256,"column":0},"end":{"line":256,"column":38}},"256":{"start":{"line":257,"column":0},"end":{"line":257,"column":14}},"257":{"start":{"line":258,"column":0},"end":{"line":258,"column":13}},"258":{"start":{"line":259,"column":0},"end":{"line":259,"column":78}},"259":{"start":{"line":260,"column":0},"end":{"line":260,"column":38}},"260":{"start":{"line":261,"column":0},"end":{"line":261,"column":14}},"261":{"start":{"line":262,"column":0},"end":{"line":262,"column":12}},"262":{"start":{"line":263,"column":0},"end":{"line":263,"column":22}},"263":{"start":{"line":264,"column":0},"end":{"line":264,"column":10}},"264":{"start":{"line":265,"column":0},"end":{"line":265,"column":17}},"265":{"start":{"line":266,"column":0},"end":{"line":266,"column":23}},"266":{"start":{"line":267,"column":0},"end":{"line":267,"column":89}},"267":{"start":{"line":268,"column":0},"end":{"line":268,"column":18}},"268":{"start":{"line":269,"column":0},"end":{"line":269,"column":13}},"269":{"start":{"line":270,"column":0},"end":{"line":270,"column":78}},"270":{"start":{"line":271,"column":0},"end":{"line":271,"column":56}},"271":{"start":{"line":272,"column":0},"end":{"line":272,"column":14}},"272":{"start":{"line":273,"column":0},"end":{"line":273,"column":13}},"273":{"start":{"line":274,"column":0},"end":{"line":274,"column":77}},"274":{"start":{"line":275,"column":0},"end":{"line":275,"column":41}},"275":{"start":{"line":276,"column":0},"end":{"line":276,"column":14}},"276":{"start":{"line":277,"column":0},"end":{"line":277,"column":12}},"277":{"start":{"line":278,"column":0},"end":{"line":278,"column":22}},"278":{"start":{"line":279,"column":0},"end":{"line":279,"column":10}},"279":{"start":{"line":280,"column":0},"end":{"line":280,"column":18}},"280":{"start":{"line":281,"column":0},"end":{"line":281,"column":23}},"281":{"start":{"line":282,"column":0},"end":{"line":282,"column":90}},"282":{"start":{"line":283,"column":0},"end":{"line":283,"column":18}},"283":{"start":{"line":284,"column":0},"end":{"line":284,"column":13}},"284":{"start":{"line":285,"column":0},"end":{"line":285,"column":79}},"285":{"start":{"line":286,"column":0},"end":{"line":286,"column":38}},"286":{"start":{"line":287,"column":0},"end":{"line":287,"column":28}},"287":{"start":{"line":288,"column":0},"end":{"line":288,"column":14}},"288":{"start":{"line":289,"column":0},"end":{"line":289,"column":13}},"289":{"start":{"line":290,"column":0},"end":{"line":290,"column":79}},"290":{"start":{"line":291,"column":0},"end":{"line":291,"column":38}},"291":{"start":{"line":292,"column":0},"end":{"line":292,"column":36}},"292":{"start":{"line":293,"column":0},"end":{"line":293,"column":14}},"293":{"start":{"line":294,"column":0},"end":{"line":294,"column":13}},"294":{"start":{"line":295,"column":0},"end":{"line":295,"column":79}},"295":{"start":{"line":296,"column":0},"end":{"line":296,"column":38}},"296":{"start":{"line":297,"column":0},"end":{"line":297,"column":28}},"297":{"start":{"line":298,"column":0},"end":{"line":298,"column":14}},"298":{"start":{"line":299,"column":0},"end":{"line":299,"column":13}},"299":{"start":{"line":300,"column":0},"end":{"line":300,"column":79}},"300":{"start":{"line":301,"column":0},"end":{"line":301,"column":38}},"301":{"start":{"line":302,"column":0},"end":{"line":302,"column":36}},"302":{"start":{"line":303,"column":0},"end":{"line":303,"column":14}},"303":{"start":{"line":304,"column":0},"end":{"line":304,"column":13}},"304":{"start":{"line":305,"column":0},"end":{"line":305,"column":79}},"305":{"start":{"line":306,"column":0},"end":{"line":306,"column":38}},"306":{"start":{"line":307,"column":0},"end":{"line":307,"column":28}},"307":{"start":{"line":308,"column":0},"end":{"line":308,"column":14}},"308":{"start":{"line":309,"column":0},"end":{"line":309,"column":13}},"309":{"start":{"line":310,"column":0},"end":{"line":310,"column":79}},"310":{"start":{"line":311,"column":0},"end":{"line":311,"column":38}},"311":{"start":{"line":312,"column":0},"end":{"line":312,"column":36}},"312":{"start":{"line":313,"column":0},"end":{"line":313,"column":14}},"313":{"start":{"line":314,"column":0},"end":{"line":314,"column":13}},"314":{"start":{"line":315,"column":0},"end":{"line":315,"column":80}},"315":{"start":{"line":316,"column":0},"end":{"line":316,"column":84}},"316":{"start":{"line":317,"column":0},"end":{"line":317,"column":28}},"317":{"start":{"line":318,"column":0},"end":{"line":318,"column":14}},"318":{"start":{"line":319,"column":0},"end":{"line":319,"column":12}},"319":{"start":{"line":320,"column":0},"end":{"line":320,"column":22}},"320":{"start":{"line":321,"column":0},"end":{"line":321,"column":10}},"321":{"start":{"line":322,"column":0},"end":{"line":322,"column":17}},"322":{"start":{"line":323,"column":0},"end":{"line":323,"column":23}},"323":{"start":{"line":324,"column":0},"end":{"line":324,"column":89}},"324":{"start":{"line":325,"column":0},"end":{"line":325,"column":20}},"325":{"start":{"line":326,"column":0},"end":{"line":326,"column":22}},"326":{"start":{"line":327,"column":0},"end":{"line":327,"column":10}},"327":{"start":{"line":328,"column":0},"end":{"line":328,"column":15}},"328":{"start":{"line":329,"column":0},"end":{"line":329,"column":11}},"329":{"start":{"line":330,"column":0},"end":{"line":330,"column":27}},"330":{"start":{"line":331,"column":0},"end":{"line":331,"column":122}},"331":{"start":{"line":332,"column":0},"end":{"line":332,"column":12}},"332":{"start":{"line":333,"column":0},"end":{"line":333,"column":11}},"333":{"start":{"line":334,"column":0},"end":{"line":334,"column":30}},"334":{"start":{"line":335,"column":0},"end":{"line":335,"column":138}},"335":{"start":{"line":336,"column":0},"end":{"line":336,"column":12}},"336":{"start":{"line":337,"column":0},"end":{"line":337,"column":10}},"337":{"start":{"line":338,"column":0},"end":{"line":338,"column":8}},"338":{"start":{"line":339,"column":0},"end":{"line":339,"column":7}},"339":{"start":{"line":340,"column":0},"end":{"line":340,"column":20}},"340":{"start":{"line":341,"column":0},"end":{"line":341,"column":23}},"341":{"start":{"line":342,"column":0},"end":{"line":342,"column":85}},"342":{"start":{"line":343,"column":0},"end":{"line":343,"column":45}},"343":{"start":{"line":344,"column":0},"end":{"line":344,"column":20}},"344":{"start":{"line":345,"column":0},"end":{"line":345,"column":76}},"345":{"start":{"line":346,"column":0},"end":{"line":346,"column":27}},"346":{"start":{"line":347,"column":0},"end":{"line":347,"column":10}},"347":{"start":{"line":348,"column":0},"end":{"line":348,"column":78}},"348":{"start":{"line":349,"column":0},"end":{"line":349,"column":17}},"349":{"start":{"line":350,"column":0},"end":{"line":350,"column":24}},"350":{"start":{"line":351,"column":0},"end":{"line":351,"column":89}},"351":{"start":{"line":352,"column":0},"end":{"line":352,"column":18}},"352":{"start":{"line":353,"column":0},"end":{"line":353,"column":13}},"353":{"start":{"line":354,"column":0},"end":{"line":354,"column":78}},"354":{"start":{"line":355,"column":0},"end":{"line":355,"column":51}},"355":{"start":{"line":356,"column":0},"end":{"line":356,"column":14}},"356":{"start":{"line":357,"column":0},"end":{"line":357,"column":13}},"357":{"start":{"line":358,"column":0},"end":{"line":358,"column":78}},"358":{"start":{"line":359,"column":0},"end":{"line":359,"column":42}},"359":{"start":{"line":360,"column":0},"end":{"line":360,"column":14}},"360":{"start":{"line":361,"column":0},"end":{"line":361,"column":13}},"361":{"start":{"line":362,"column":0},"end":{"line":362,"column":77}},"362":{"start":{"line":363,"column":0},"end":{"line":363,"column":42}},"363":{"start":{"line":364,"column":0},"end":{"line":364,"column":14}},"364":{"start":{"line":365,"column":0},"end":{"line":365,"column":13}},"365":{"start":{"line":366,"column":0},"end":{"line":366,"column":77}},"366":{"start":{"line":367,"column":0},"end":{"line":367,"column":66}},"367":{"start":{"line":368,"column":0},"end":{"line":368,"column":14}},"368":{"start":{"line":369,"column":0},"end":{"line":369,"column":13}},"369":{"start":{"line":370,"column":0},"end":{"line":370,"column":78}},"370":{"start":{"line":371,"column":0},"end":{"line":371,"column":56}},"371":{"start":{"line":372,"column":0},"end":{"line":372,"column":14}},"372":{"start":{"line":373,"column":0},"end":{"line":373,"column":13}},"373":{"start":{"line":374,"column":0},"end":{"line":374,"column":78}},"374":{"start":{"line":375,"column":0},"end":{"line":375,"column":56}},"375":{"start":{"line":376,"column":0},"end":{"line":376,"column":14}},"376":{"start":{"line":377,"column":0},"end":{"line":377,"column":13}},"377":{"start":{"line":378,"column":0},"end":{"line":378,"column":78}},"378":{"start":{"line":379,"column":0},"end":{"line":379,"column":56}},"379":{"start":{"line":380,"column":0},"end":{"line":380,"column":14}},"380":{"start":{"line":381,"column":0},"end":{"line":381,"column":13}},"381":{"start":{"line":382,"column":0},"end":{"line":382,"column":78}},"382":{"start":{"line":383,"column":0},"end":{"line":383,"column":56}},"383":{"start":{"line":384,"column":0},"end":{"line":384,"column":14}},"384":{"start":{"line":385,"column":0},"end":{"line":385,"column":13}},"385":{"start":{"line":386,"column":0},"end":{"line":386,"column":78}},"386":{"start":{"line":387,"column":0},"end":{"line":387,"column":105}},"387":{"start":{"line":388,"column":0},"end":{"line":388,"column":14}},"388":{"start":{"line":389,"column":0},"end":{"line":389,"column":13}},"389":{"start":{"line":390,"column":0},"end":{"line":390,"column":79}},"390":{"start":{"line":391,"column":0},"end":{"line":391,"column":67}},"391":{"start":{"line":392,"column":0},"end":{"line":392,"column":14}},"392":{"start":{"line":393,"column":0},"end":{"line":393,"column":13}},"393":{"start":{"line":394,"column":0},"end":{"line":394,"column":77}},"394":{"start":{"line":395,"column":0},"end":{"line":395,"column":66}},"395":{"start":{"line":396,"column":0},"end":{"line":396,"column":14}},"396":{"start":{"line":397,"column":0},"end":{"line":397,"column":13}},"397":{"start":{"line":398,"column":0},"end":{"line":398,"column":77}},"398":{"start":{"line":399,"column":0},"end":{"line":399,"column":67}},"399":{"start":{"line":400,"column":0},"end":{"line":400,"column":14}},"400":{"start":{"line":401,"column":0},"end":{"line":401,"column":13}},"401":{"start":{"line":402,"column":0},"end":{"line":402,"column":78}},"402":{"start":{"line":403,"column":0},"end":{"line":403,"column":49}},"403":{"start":{"line":404,"column":0},"end":{"line":404,"column":14}},"404":{"start":{"line":405,"column":0},"end":{"line":405,"column":13}},"405":{"start":{"line":406,"column":0},"end":{"line":406,"column":77}},"406":{"start":{"line":407,"column":0},"end":{"line":407,"column":50}},"407":{"start":{"line":408,"column":0},"end":{"line":408,"column":14}},"408":{"start":{"line":409,"column":0},"end":{"line":409,"column":13}},"409":{"start":{"line":410,"column":0},"end":{"line":410,"column":77}},"410":{"start":{"line":411,"column":0},"end":{"line":411,"column":50}},"411":{"start":{"line":412,"column":0},"end":{"line":412,"column":14}},"412":{"start":{"line":413,"column":0},"end":{"line":413,"column":13}},"413":{"start":{"line":414,"column":0},"end":{"line":414,"column":78}},"414":{"start":{"line":415,"column":0},"end":{"line":415,"column":89}},"415":{"start":{"line":416,"column":0},"end":{"line":416,"column":14}},"416":{"start":{"line":417,"column":0},"end":{"line":417,"column":13}},"417":{"start":{"line":418,"column":0},"end":{"line":418,"column":78}},"418":{"start":{"line":419,"column":0},"end":{"line":419,"column":43}},"419":{"start":{"line":420,"column":0},"end":{"line":420,"column":14}},"420":{"start":{"line":421,"column":0},"end":{"line":421,"column":13}},"421":{"start":{"line":422,"column":0},"end":{"line":422,"column":78}},"422":{"start":{"line":423,"column":0},"end":{"line":423,"column":61}},"423":{"start":{"line":424,"column":0},"end":{"line":424,"column":14}},"424":{"start":{"line":425,"column":0},"end":{"line":425,"column":13}},"425":{"start":{"line":426,"column":0},"end":{"line":426,"column":78}},"426":{"start":{"line":427,"column":0},"end":{"line":427,"column":52}},"427":{"start":{"line":428,"column":0},"end":{"line":428,"column":14}},"428":{"start":{"line":429,"column":0},"end":{"line":429,"column":13}},"429":{"start":{"line":430,"column":0},"end":{"line":430,"column":78}},"430":{"start":{"line":431,"column":0},"end":{"line":431,"column":41}},"431":{"start":{"line":432,"column":0},"end":{"line":432,"column":14}},"432":{"start":{"line":433,"column":0},"end":{"line":433,"column":12}},"433":{"start":{"line":434,"column":0},"end":{"line":434,"column":23}},"434":{"start":{"line":435,"column":0},"end":{"line":435,"column":10}},"435":{"start":{"line":436,"column":0},"end":{"line":436,"column":17}},"436":{"start":{"line":437,"column":0},"end":{"line":437,"column":24}},"437":{"start":{"line":438,"column":0},"end":{"line":438,"column":89}},"438":{"start":{"line":439,"column":0},"end":{"line":439,"column":18}},"439":{"start":{"line":440,"column":0},"end":{"line":440,"column":13}},"440":{"start":{"line":441,"column":0},"end":{"line":441,"column":78}},"441":{"start":{"line":442,"column":0},"end":{"line":442,"column":55}},"442":{"start":{"line":443,"column":0},"end":{"line":443,"column":14}},"443":{"start":{"line":444,"column":0},"end":{"line":444,"column":13}},"444":{"start":{"line":445,"column":0},"end":{"line":445,"column":76}},"445":{"start":{"line":446,"column":0},"end":{"line":446,"column":45}},"446":{"start":{"line":447,"column":0},"end":{"line":447,"column":14}},"447":{"start":{"line":448,"column":0},"end":{"line":448,"column":13}},"448":{"start":{"line":449,"column":0},"end":{"line":449,"column":77}},"449":{"start":{"line":450,"column":0},"end":{"line":450,"column":45}},"450":{"start":{"line":451,"column":0},"end":{"line":451,"column":14}},"451":{"start":{"line":452,"column":0},"end":{"line":452,"column":13}},"452":{"start":{"line":453,"column":0},"end":{"line":453,"column":78}},"453":{"start":{"line":454,"column":0},"end":{"line":454,"column":53}},"454":{"start":{"line":455,"column":0},"end":{"line":455,"column":14}},"455":{"start":{"line":456,"column":0},"end":{"line":456,"column":13}},"456":{"start":{"line":457,"column":0},"end":{"line":457,"column":77}},"457":{"start":{"line":458,"column":0},"end":{"line":458,"column":63}},"458":{"start":{"line":459,"column":0},"end":{"line":459,"column":14}},"459":{"start":{"line":460,"column":0},"end":{"line":460,"column":13}},"460":{"start":{"line":461,"column":0},"end":{"line":461,"column":78}},"461":{"start":{"line":462,"column":0},"end":{"line":462,"column":94}},"462":{"start":{"line":463,"column":0},"end":{"line":463,"column":14}},"463":{"start":{"line":464,"column":0},"end":{"line":464,"column":13}},"464":{"start":{"line":465,"column":0},"end":{"line":465,"column":78}},"465":{"start":{"line":466,"column":0},"end":{"line":466,"column":70}},"466":{"start":{"line":467,"column":0},"end":{"line":467,"column":14}},"467":{"start":{"line":468,"column":0},"end":{"line":468,"column":13}},"468":{"start":{"line":469,"column":0},"end":{"line":469,"column":76}},"469":{"start":{"line":470,"column":0},"end":{"line":470,"column":55}},"470":{"start":{"line":471,"column":0},"end":{"line":471,"column":14}},"471":{"start":{"line":472,"column":0},"end":{"line":472,"column":13}},"472":{"start":{"line":473,"column":0},"end":{"line":473,"column":76}},"473":{"start":{"line":474,"column":0},"end":{"line":474,"column":56}},"474":{"start":{"line":475,"column":0},"end":{"line":475,"column":14}},"475":{"start":{"line":476,"column":0},"end":{"line":476,"column":13}},"476":{"start":{"line":477,"column":0},"end":{"line":477,"column":77}},"477":{"start":{"line":478,"column":0},"end":{"line":478,"column":52}},"478":{"start":{"line":479,"column":0},"end":{"line":479,"column":14}},"479":{"start":{"line":480,"column":0},"end":{"line":480,"column":13}},"480":{"start":{"line":481,"column":0},"end":{"line":481,"column":77}},"481":{"start":{"line":482,"column":0},"end":{"line":482,"column":52}},"482":{"start":{"line":483,"column":0},"end":{"line":483,"column":14}},"483":{"start":{"line":484,"column":0},"end":{"line":484,"column":13}},"484":{"start":{"line":485,"column":0},"end":{"line":485,"column":78}},"485":{"start":{"line":486,"column":0},"end":{"line":486,"column":84}},"486":{"start":{"line":487,"column":0},"end":{"line":487,"column":14}},"487":{"start":{"line":488,"column":0},"end":{"line":488,"column":13}},"488":{"start":{"line":489,"column":0},"end":{"line":489,"column":77}},"489":{"start":{"line":490,"column":0},"end":{"line":490,"column":46}},"490":{"start":{"line":491,"column":0},"end":{"line":491,"column":14}},"491":{"start":{"line":492,"column":0},"end":{"line":492,"column":13}},"492":{"start":{"line":493,"column":0},"end":{"line":493,"column":77}},"493":{"start":{"line":494,"column":0},"end":{"line":494,"column":53}},"494":{"start":{"line":495,"column":0},"end":{"line":495,"column":14}},"495":{"start":{"line":496,"column":0},"end":{"line":496,"column":13}},"496":{"start":{"line":497,"column":0},"end":{"line":497,"column":78}},"497":{"start":{"line":498,"column":0},"end":{"line":498,"column":56}},"498":{"start":{"line":499,"column":0},"end":{"line":499,"column":14}},"499":{"start":{"line":500,"column":0},"end":{"line":500,"column":13}},"500":{"start":{"line":501,"column":0},"end":{"line":501,"column":77}},"501":{"start":{"line":502,"column":0},"end":{"line":502,"column":45}},"502":{"start":{"line":503,"column":0},"end":{"line":503,"column":14}},"503":{"start":{"line":504,"column":0},"end":{"line":504,"column":13}},"504":{"start":{"line":505,"column":0},"end":{"line":505,"column":78}},"505":{"start":{"line":506,"column":0},"end":{"line":506,"column":45}},"506":{"start":{"line":507,"column":0},"end":{"line":507,"column":14}},"507":{"start":{"line":508,"column":0},"end":{"line":508,"column":13}},"508":{"start":{"line":509,"column":0},"end":{"line":509,"column":78}},"509":{"start":{"line":510,"column":0},"end":{"line":510,"column":60}},"510":{"start":{"line":511,"column":0},"end":{"line":511,"column":14}},"511":{"start":{"line":512,"column":0},"end":{"line":512,"column":13}},"512":{"start":{"line":513,"column":0},"end":{"line":513,"column":77}},"513":{"start":{"line":514,"column":0},"end":{"line":514,"column":67}},"514":{"start":{"line":515,"column":0},"end":{"line":515,"column":14}},"515":{"start":{"line":516,"column":0},"end":{"line":516,"column":13}},"516":{"start":{"line":517,"column":0},"end":{"line":517,"column":76}},"517":{"start":{"line":518,"column":0},"end":{"line":518,"column":86}},"518":{"start":{"line":519,"column":0},"end":{"line":519,"column":14}},"519":{"start":{"line":520,"column":0},"end":{"line":520,"column":12}},"520":{"start":{"line":521,"column":0},"end":{"line":521,"column":23}},"521":{"start":{"line":522,"column":0},"end":{"line":522,"column":10}},"522":{"start":{"line":523,"column":0},"end":{"line":523,"column":18}},"523":{"start":{"line":524,"column":0},"end":{"line":524,"column":24}},"524":{"start":{"line":525,"column":0},"end":{"line":525,"column":90}},"525":{"start":{"line":526,"column":0},"end":{"line":526,"column":18}},"526":{"start":{"line":527,"column":0},"end":{"line":527,"column":13}},"527":{"start":{"line":528,"column":0},"end":{"line":528,"column":78}},"528":{"start":{"line":529,"column":0},"end":{"line":529,"column":66}},"529":{"start":{"line":530,"column":0},"end":{"line":530,"column":28}},"530":{"start":{"line":531,"column":0},"end":{"line":531,"column":14}},"531":{"start":{"line":532,"column":0},"end":{"line":532,"column":13}},"532":{"start":{"line":533,"column":0},"end":{"line":533,"column":78}},"533":{"start":{"line":534,"column":0},"end":{"line":534,"column":36}},"534":{"start":{"line":535,"column":0},"end":{"line":535,"column":36}},"535":{"start":{"line":536,"column":0},"end":{"line":536,"column":14}},"536":{"start":{"line":537,"column":0},"end":{"line":537,"column":13}},"537":{"start":{"line":538,"column":0},"end":{"line":538,"column":79}},"538":{"start":{"line":539,"column":0},"end":{"line":539,"column":47}},"539":{"start":{"line":540,"column":0},"end":{"line":540,"column":36}},"540":{"start":{"line":541,"column":0},"end":{"line":541,"column":14}},"541":{"start":{"line":542,"column":0},"end":{"line":542,"column":13}},"542":{"start":{"line":543,"column":0},"end":{"line":543,"column":79}},"543":{"start":{"line":544,"column":0},"end":{"line":544,"column":35}},"544":{"start":{"line":545,"column":0},"end":{"line":545,"column":28}},"545":{"start":{"line":546,"column":0},"end":{"line":546,"column":14}},"546":{"start":{"line":547,"column":0},"end":{"line":547,"column":13}},"547":{"start":{"line":548,"column":0},"end":{"line":548,"column":79}},"548":{"start":{"line":549,"column":0},"end":{"line":549,"column":40}},"549":{"start":{"line":550,"column":0},"end":{"line":550,"column":36}},"550":{"start":{"line":551,"column":0},"end":{"line":551,"column":14}},"551":{"start":{"line":552,"column":0},"end":{"line":552,"column":13}},"552":{"start":{"line":553,"column":0},"end":{"line":553,"column":79}},"553":{"start":{"line":554,"column":0},"end":{"line":554,"column":45}},"554":{"start":{"line":555,"column":0},"end":{"line":555,"column":36}},"555":{"start":{"line":556,"column":0},"end":{"line":556,"column":14}},"556":{"start":{"line":557,"column":0},"end":{"line":557,"column":13}},"557":{"start":{"line":558,"column":0},"end":{"line":558,"column":79}},"558":{"start":{"line":559,"column":0},"end":{"line":559,"column":35}},"559":{"start":{"line":560,"column":0},"end":{"line":560,"column":28}},"560":{"start":{"line":561,"column":0},"end":{"line":561,"column":14}},"561":{"start":{"line":562,"column":0},"end":{"line":562,"column":13}},"562":{"start":{"line":563,"column":0},"end":{"line":563,"column":79}},"563":{"start":{"line":564,"column":0},"end":{"line":564,"column":41}},"564":{"start":{"line":565,"column":0},"end":{"line":565,"column":36}},"565":{"start":{"line":566,"column":0},"end":{"line":566,"column":14}},"566":{"start":{"line":567,"column":0},"end":{"line":567,"column":13}},"567":{"start":{"line":568,"column":0},"end":{"line":568,"column":79}},"568":{"start":{"line":569,"column":0},"end":{"line":569,"column":43}},"569":{"start":{"line":570,"column":0},"end":{"line":570,"column":36}},"570":{"start":{"line":571,"column":0},"end":{"line":571,"column":14}},"571":{"start":{"line":572,"column":0},"end":{"line":572,"column":13}},"572":{"start":{"line":573,"column":0},"end":{"line":573,"column":79}},"573":{"start":{"line":574,"column":0},"end":{"line":574,"column":51}},"574":{"start":{"line":575,"column":0},"end":{"line":575,"column":36}},"575":{"start":{"line":576,"column":0},"end":{"line":576,"column":14}},"576":{"start":{"line":577,"column":0},"end":{"line":577,"column":13}},"577":{"start":{"line":578,"column":0},"end":{"line":578,"column":79}},"578":{"start":{"line":579,"column":0},"end":{"line":579,"column":75}},"579":{"start":{"line":580,"column":0},"end":{"line":580,"column":36}},"580":{"start":{"line":581,"column":0},"end":{"line":581,"column":14}},"581":{"start":{"line":582,"column":0},"end":{"line":582,"column":13}},"582":{"start":{"line":583,"column":0},"end":{"line":583,"column":79}},"583":{"start":{"line":584,"column":0},"end":{"line":584,"column":42}},"584":{"start":{"line":585,"column":0},"end":{"line":585,"column":36}},"585":{"start":{"line":586,"column":0},"end":{"line":586,"column":14}},"586":{"start":{"line":587,"column":0},"end":{"line":587,"column":13}},"587":{"start":{"line":588,"column":0},"end":{"line":588,"column":79}},"588":{"start":{"line":589,"column":0},"end":{"line":589,"column":55}},"589":{"start":{"line":590,"column":0},"end":{"line":590,"column":36}},"590":{"start":{"line":591,"column":0},"end":{"line":591,"column":14}},"591":{"start":{"line":592,"column":0},"end":{"line":592,"column":13}},"592":{"start":{"line":593,"column":0},"end":{"line":593,"column":79}},"593":{"start":{"line":594,"column":0},"end":{"line":594,"column":49}},"594":{"start":{"line":595,"column":0},"end":{"line":595,"column":36}},"595":{"start":{"line":596,"column":0},"end":{"line":596,"column":14}},"596":{"start":{"line":597,"column":0},"end":{"line":597,"column":13}},"597":{"start":{"line":598,"column":0},"end":{"line":598,"column":79}},"598":{"start":{"line":599,"column":0},"end":{"line":599,"column":45}},"599":{"start":{"line":600,"column":0},"end":{"line":600,"column":36}},"600":{"start":{"line":601,"column":0},"end":{"line":601,"column":14}},"601":{"start":{"line":602,"column":0},"end":{"line":602,"column":13}},"602":{"start":{"line":603,"column":0},"end":{"line":603,"column":79}},"603":{"start":{"line":604,"column":0},"end":{"line":604,"column":50}},"604":{"start":{"line":605,"column":0},"end":{"line":605,"column":28}},"605":{"start":{"line":606,"column":0},"end":{"line":606,"column":14}},"606":{"start":{"line":607,"column":0},"end":{"line":607,"column":13}},"607":{"start":{"line":608,"column":0},"end":{"line":608,"column":79}},"608":{"start":{"line":609,"column":0},"end":{"line":609,"column":57}},"609":{"start":{"line":610,"column":0},"end":{"line":610,"column":36}},"610":{"start":{"line":611,"column":0},"end":{"line":611,"column":14}},"611":{"start":{"line":612,"column":0},"end":{"line":612,"column":13}},"612":{"start":{"line":613,"column":0},"end":{"line":613,"column":79}},"613":{"start":{"line":614,"column":0},"end":{"line":614,"column":50}},"614":{"start":{"line":615,"column":0},"end":{"line":615,"column":28}},"615":{"start":{"line":616,"column":0},"end":{"line":616,"column":14}},"616":{"start":{"line":617,"column":0},"end":{"line":617,"column":13}},"617":{"start":{"line":618,"column":0},"end":{"line":618,"column":79}},"618":{"start":{"line":619,"column":0},"end":{"line":619,"column":43}},"619":{"start":{"line":620,"column":0},"end":{"line":620,"column":36}},"620":{"start":{"line":621,"column":0},"end":{"line":621,"column":14}},"621":{"start":{"line":622,"column":0},"end":{"line":622,"column":13}},"622":{"start":{"line":623,"column":0},"end":{"line":623,"column":79}},"623":{"start":{"line":624,"column":0},"end":{"line":624,"column":36}},"624":{"start":{"line":625,"column":0},"end":{"line":625,"column":36}},"625":{"start":{"line":626,"column":0},"end":{"line":626,"column":14}},"626":{"start":{"line":627,"column":0},"end":{"line":627,"column":12}},"627":{"start":{"line":628,"column":0},"end":{"line":628,"column":23}},"628":{"start":{"line":629,"column":0},"end":{"line":629,"column":10}},"629":{"start":{"line":630,"column":0},"end":{"line":630,"column":17}},"630":{"start":{"line":631,"column":0},"end":{"line":631,"column":23}},"631":{"start":{"line":632,"column":0},"end":{"line":632,"column":89}},"632":{"start":{"line":633,"column":0},"end":{"line":633,"column":20}},"633":{"start":{"line":634,"column":0},"end":{"line":634,"column":22}},"634":{"start":{"line":635,"column":0},"end":{"line":635,"column":10}},"635":{"start":{"line":636,"column":0},"end":{"line":636,"column":15}},"636":{"start":{"line":637,"column":0},"end":{"line":637,"column":11}},"637":{"start":{"line":638,"column":0},"end":{"line":638,"column":27}},"638":{"start":{"line":639,"column":0},"end":{"line":639,"column":120}},"639":{"start":{"line":640,"column":0},"end":{"line":640,"column":12}},"640":{"start":{"line":641,"column":0},"end":{"line":641,"column":11}},"641":{"start":{"line":642,"column":0},"end":{"line":642,"column":25}},"642":{"start":{"line":643,"column":0},"end":{"line":643,"column":117}},"643":{"start":{"line":644,"column":0},"end":{"line":644,"column":12}},"644":{"start":{"line":645,"column":0},"end":{"line":645,"column":11}},"645":{"start":{"line":646,"column":0},"end":{"line":646,"column":30}},"646":{"start":{"line":647,"column":0},"end":{"line":647,"column":132}},"647":{"start":{"line":648,"column":0},"end":{"line":648,"column":12}},"648":{"start":{"line":649,"column":0},"end":{"line":649,"column":10}},"649":{"start":{"line":650,"column":0},"end":{"line":650,"column":8}},"650":{"start":{"line":651,"column":0},"end":{"line":651,"column":7}},"651":{"start":{"line":652,"column":0},"end":{"line":652,"column":20}},"652":{"start":{"line":653,"column":0},"end":{"line":653,"column":28}},"653":{"start":{"line":654,"column":0},"end":{"line":654,"column":24}},"654":{"start":{"line":655,"column":0},"end":{"line":655,"column":45}},"655":{"start":{"line":656,"column":0},"end":{"line":656,"column":20}},"656":{"start":{"line":657,"column":0},"end":{"line":657,"column":82}},"657":{"start":{"line":658,"column":0},"end":{"line":658,"column":27}},"658":{"start":{"line":659,"column":0},"end":{"line":659,"column":10}},"659":{"start":{"line":660,"column":0},"end":{"line":660,"column":78}},"660":{"start":{"line":661,"column":0},"end":{"line":661,"column":17}},"661":{"start":{"line":662,"column":0},"end":{"line":662,"column":24}},"662":{"start":{"line":663,"column":0},"end":{"line":663,"column":89}},"663":{"start":{"line":664,"column":0},"end":{"line":664,"column":18}},"664":{"start":{"line":665,"column":0},"end":{"line":665,"column":13}},"665":{"start":{"line":666,"column":0},"end":{"line":666,"column":78}},"666":{"start":{"line":667,"column":0},"end":{"line":667,"column":48}},"667":{"start":{"line":668,"column":0},"end":{"line":668,"column":14}},"668":{"start":{"line":669,"column":0},"end":{"line":669,"column":13}},"669":{"start":{"line":670,"column":0},"end":{"line":670,"column":78}},"670":{"start":{"line":671,"column":0},"end":{"line":671,"column":48}},"671":{"start":{"line":672,"column":0},"end":{"line":672,"column":14}},"672":{"start":{"line":673,"column":0},"end":{"line":673,"column":13}},"673":{"start":{"line":674,"column":0},"end":{"line":674,"column":78}},"674":{"start":{"line":675,"column":0},"end":{"line":675,"column":48}},"675":{"start":{"line":676,"column":0},"end":{"line":676,"column":14}},"676":{"start":{"line":677,"column":0},"end":{"line":677,"column":13}},"677":{"start":{"line":678,"column":0},"end":{"line":678,"column":78}},"678":{"start":{"line":679,"column":0},"end":{"line":679,"column":48}},"679":{"start":{"line":680,"column":0},"end":{"line":680,"column":14}},"680":{"start":{"line":681,"column":0},"end":{"line":681,"column":13}},"681":{"start":{"line":682,"column":0},"end":{"line":682,"column":78}},"682":{"start":{"line":683,"column":0},"end":{"line":683,"column":48}},"683":{"start":{"line":684,"column":0},"end":{"line":684,"column":14}},"684":{"start":{"line":685,"column":0},"end":{"line":685,"column":13}},"685":{"start":{"line":686,"column":0},"end":{"line":686,"column":78}},"686":{"start":{"line":687,"column":0},"end":{"line":687,"column":48}},"687":{"start":{"line":688,"column":0},"end":{"line":688,"column":14}},"688":{"start":{"line":689,"column":0},"end":{"line":689,"column":13}},"689":{"start":{"line":690,"column":0},"end":{"line":690,"column":78}},"690":{"start":{"line":691,"column":0},"end":{"line":691,"column":38}},"691":{"start":{"line":692,"column":0},"end":{"line":692,"column":14}},"692":{"start":{"line":693,"column":0},"end":{"line":693,"column":13}},"693":{"start":{"line":694,"column":0},"end":{"line":694,"column":78}},"694":{"start":{"line":695,"column":0},"end":{"line":695,"column":43}},"695":{"start":{"line":696,"column":0},"end":{"line":696,"column":14}},"696":{"start":{"line":697,"column":0},"end":{"line":697,"column":13}},"697":{"start":{"line":698,"column":0},"end":{"line":698,"column":78}},"698":{"start":{"line":699,"column":0},"end":{"line":699,"column":43}},"699":{"start":{"line":700,"column":0},"end":{"line":700,"column":14}},"700":{"start":{"line":701,"column":0},"end":{"line":701,"column":13}},"701":{"start":{"line":702,"column":0},"end":{"line":702,"column":78}},"702":{"start":{"line":703,"column":0},"end":{"line":703,"column":43}},"703":{"start":{"line":704,"column":0},"end":{"line":704,"column":14}},"704":{"start":{"line":705,"column":0},"end":{"line":705,"column":13}},"705":{"start":{"line":706,"column":0},"end":{"line":706,"column":78}},"706":{"start":{"line":707,"column":0},"end":{"line":707,"column":43}},"707":{"start":{"line":708,"column":0},"end":{"line":708,"column":14}},"708":{"start":{"line":709,"column":0},"end":{"line":709,"column":13}},"709":{"start":{"line":710,"column":0},"end":{"line":710,"column":78}},"710":{"start":{"line":711,"column":0},"end":{"line":711,"column":44}},"711":{"start":{"line":712,"column":0},"end":{"line":712,"column":14}},"712":{"start":{"line":713,"column":0},"end":{"line":713,"column":13}},"713":{"start":{"line":714,"column":0},"end":{"line":714,"column":78}},"714":{"start":{"line":715,"column":0},"end":{"line":715,"column":44}},"715":{"start":{"line":716,"column":0},"end":{"line":716,"column":14}},"716":{"start":{"line":717,"column":0},"end":{"line":717,"column":13}},"717":{"start":{"line":718,"column":0},"end":{"line":718,"column":78}},"718":{"start":{"line":719,"column":0},"end":{"line":719,"column":44}},"719":{"start":{"line":720,"column":0},"end":{"line":720,"column":14}},"720":{"start":{"line":721,"column":0},"end":{"line":721,"column":12}},"721":{"start":{"line":722,"column":0},"end":{"line":722,"column":23}},"722":{"start":{"line":723,"column":0},"end":{"line":723,"column":10}},"723":{"start":{"line":724,"column":0},"end":{"line":724,"column":17}},"724":{"start":{"line":725,"column":0},"end":{"line":725,"column":23}},"725":{"start":{"line":726,"column":0},"end":{"line":726,"column":89}},"726":{"start":{"line":727,"column":0},"end":{"line":727,"column":18}},"727":{"start":{"line":728,"column":0},"end":{"line":728,"column":13}},"728":{"start":{"line":729,"column":0},"end":{"line":729,"column":76}},"729":{"start":{"line":730,"column":0},"end":{"line":730,"column":50}},"730":{"start":{"line":731,"column":0},"end":{"line":731,"column":14}},"731":{"start":{"line":732,"column":0},"end":{"line":732,"column":13}},"732":{"start":{"line":733,"column":0},"end":{"line":733,"column":77}},"733":{"start":{"line":734,"column":0},"end":{"line":734,"column":41}},"734":{"start":{"line":735,"column":0},"end":{"line":735,"column":14}},"735":{"start":{"line":736,"column":0},"end":{"line":736,"column":13}},"736":{"start":{"line":737,"column":0},"end":{"line":737,"column":77}},"737":{"start":{"line":738,"column":0},"end":{"line":738,"column":47}},"738":{"start":{"line":739,"column":0},"end":{"line":739,"column":14}},"739":{"start":{"line":740,"column":0},"end":{"line":740,"column":12}},"740":{"start":{"line":741,"column":0},"end":{"line":741,"column":22}},"741":{"start":{"line":742,"column":0},"end":{"line":742,"column":10}},"742":{"start":{"line":743,"column":0},"end":{"line":743,"column":18}},"743":{"start":{"line":744,"column":0},"end":{"line":744,"column":24}},"744":{"start":{"line":745,"column":0},"end":{"line":745,"column":90}},"745":{"start":{"line":746,"column":0},"end":{"line":746,"column":18}},"746":{"start":{"line":747,"column":0},"end":{"line":747,"column":13}},"747":{"start":{"line":748,"column":0},"end":{"line":748,"column":79}},"748":{"start":{"line":749,"column":0},"end":{"line":749,"column":44}},"749":{"start":{"line":750,"column":0},"end":{"line":750,"column":28}},"750":{"start":{"line":751,"column":0},"end":{"line":751,"column":14}},"751":{"start":{"line":752,"column":0},"end":{"line":752,"column":13}},"752":{"start":{"line":753,"column":0},"end":{"line":753,"column":79}},"753":{"start":{"line":754,"column":0},"end":{"line":754,"column":38}},"754":{"start":{"line":755,"column":0},"end":{"line":755,"column":36}},"755":{"start":{"line":756,"column":0},"end":{"line":756,"column":14}},"756":{"start":{"line":757,"column":0},"end":{"line":757,"column":13}},"757":{"start":{"line":758,"column":0},"end":{"line":758,"column":79}},"758":{"start":{"line":759,"column":0},"end":{"line":759,"column":44}},"759":{"start":{"line":760,"column":0},"end":{"line":760,"column":28}},"760":{"start":{"line":761,"column":0},"end":{"line":761,"column":14}},"761":{"start":{"line":762,"column":0},"end":{"line":762,"column":13}},"762":{"start":{"line":763,"column":0},"end":{"line":763,"column":79}},"763":{"start":{"line":764,"column":0},"end":{"line":764,"column":38}},"764":{"start":{"line":765,"column":0},"end":{"line":765,"column":36}},"765":{"start":{"line":766,"column":0},"end":{"line":766,"column":14}},"766":{"start":{"line":767,"column":0},"end":{"line":767,"column":13}},"767":{"start":{"line":768,"column":0},"end":{"line":768,"column":79}},"768":{"start":{"line":769,"column":0},"end":{"line":769,"column":43}},"769":{"start":{"line":770,"column":0},"end":{"line":770,"column":28}},"770":{"start":{"line":771,"column":0},"end":{"line":771,"column":14}},"771":{"start":{"line":772,"column":0},"end":{"line":772,"column":13}},"772":{"start":{"line":773,"column":0},"end":{"line":773,"column":79}},"773":{"start":{"line":774,"column":0},"end":{"line":774,"column":38}},"774":{"start":{"line":775,"column":0},"end":{"line":775,"column":36}},"775":{"start":{"line":776,"column":0},"end":{"line":776,"column":14}},"776":{"start":{"line":777,"column":0},"end":{"line":777,"column":13}},"777":{"start":{"line":778,"column":0},"end":{"line":778,"column":79}},"778":{"start":{"line":779,"column":0},"end":{"line":779,"column":43}},"779":{"start":{"line":780,"column":0},"end":{"line":780,"column":28}},"780":{"start":{"line":781,"column":0},"end":{"line":781,"column":14}},"781":{"start":{"line":782,"column":0},"end":{"line":782,"column":13}},"782":{"start":{"line":783,"column":0},"end":{"line":783,"column":79}},"783":{"start":{"line":784,"column":0},"end":{"line":784,"column":38}},"784":{"start":{"line":785,"column":0},"end":{"line":785,"column":36}},"785":{"start":{"line":786,"column":0},"end":{"line":786,"column":14}},"786":{"start":{"line":787,"column":0},"end":{"line":787,"column":13}},"787":{"start":{"line":788,"column":0},"end":{"line":788,"column":79}},"788":{"start":{"line":789,"column":0},"end":{"line":789,"column":43}},"789":{"start":{"line":790,"column":0},"end":{"line":790,"column":28}},"790":{"start":{"line":791,"column":0},"end":{"line":791,"column":14}},"791":{"start":{"line":792,"column":0},"end":{"line":792,"column":13}},"792":{"start":{"line":793,"column":0},"end":{"line":793,"column":79}},"793":{"start":{"line":794,"column":0},"end":{"line":794,"column":38}},"794":{"start":{"line":795,"column":0},"end":{"line":795,"column":36}},"795":{"start":{"line":796,"column":0},"end":{"line":796,"column":14}},"796":{"start":{"line":797,"column":0},"end":{"line":797,"column":13}},"797":{"start":{"line":798,"column":0},"end":{"line":798,"column":79}},"798":{"start":{"line":799,"column":0},"end":{"line":799,"column":43}},"799":{"start":{"line":800,"column":0},"end":{"line":800,"column":28}},"800":{"start":{"line":801,"column":0},"end":{"line":801,"column":14}},"801":{"start":{"line":802,"column":0},"end":{"line":802,"column":13}},"802":{"start":{"line":803,"column":0},"end":{"line":803,"column":79}},"803":{"start":{"line":804,"column":0},"end":{"line":804,"column":38}},"804":{"start":{"line":805,"column":0},"end":{"line":805,"column":36}},"805":{"start":{"line":806,"column":0},"end":{"line":806,"column":14}},"806":{"start":{"line":807,"column":0},"end":{"line":807,"column":13}},"807":{"start":{"line":808,"column":0},"end":{"line":808,"column":79}},"808":{"start":{"line":809,"column":0},"end":{"line":809,"column":44}},"809":{"start":{"line":810,"column":0},"end":{"line":810,"column":28}},"810":{"start":{"line":811,"column":0},"end":{"line":811,"column":14}},"811":{"start":{"line":812,"column":0},"end":{"line":812,"column":13}},"812":{"start":{"line":813,"column":0},"end":{"line":813,"column":79}},"813":{"start":{"line":814,"column":0},"end":{"line":814,"column":38}},"814":{"start":{"line":815,"column":0},"end":{"line":815,"column":28}},"815":{"start":{"line":816,"column":0},"end":{"line":816,"column":14}},"816":{"start":{"line":817,"column":0},"end":{"line":817,"column":13}},"817":{"start":{"line":818,"column":0},"end":{"line":818,"column":79}},"818":{"start":{"line":819,"column":0},"end":{"line":819,"column":38}},"819":{"start":{"line":820,"column":0},"end":{"line":820,"column":36}},"820":{"start":{"line":821,"column":0},"end":{"line":821,"column":14}},"821":{"start":{"line":822,"column":0},"end":{"line":822,"column":13}},"822":{"start":{"line":823,"column":0},"end":{"line":823,"column":79}},"823":{"start":{"line":824,"column":0},"end":{"line":824,"column":48}},"824":{"start":{"line":825,"column":0},"end":{"line":825,"column":28}},"825":{"start":{"line":826,"column":0},"end":{"line":826,"column":14}},"826":{"start":{"line":827,"column":0},"end":{"line":827,"column":13}},"827":{"start":{"line":828,"column":0},"end":{"line":828,"column":79}},"828":{"start":{"line":829,"column":0},"end":{"line":829,"column":38}},"829":{"start":{"line":830,"column":0},"end":{"line":830,"column":36}},"830":{"start":{"line":831,"column":0},"end":{"line":831,"column":14}},"831":{"start":{"line":832,"column":0},"end":{"line":832,"column":13}},"832":{"start":{"line":833,"column":0},"end":{"line":833,"column":79}},"833":{"start":{"line":834,"column":0},"end":{"line":834,"column":48}},"834":{"start":{"line":835,"column":0},"end":{"line":835,"column":28}},"835":{"start":{"line":836,"column":0},"end":{"line":836,"column":14}},"836":{"start":{"line":837,"column":0},"end":{"line":837,"column":13}},"837":{"start":{"line":838,"column":0},"end":{"line":838,"column":79}},"838":{"start":{"line":839,"column":0},"end":{"line":839,"column":38}},"839":{"start":{"line":840,"column":0},"end":{"line":840,"column":36}},"840":{"start":{"line":841,"column":0},"end":{"line":841,"column":14}},"841":{"start":{"line":842,"column":0},"end":{"line":842,"column":13}},"842":{"start":{"line":843,"column":0},"end":{"line":843,"column":79}},"843":{"start":{"line":844,"column":0},"end":{"line":844,"column":48}},"844":{"start":{"line":845,"column":0},"end":{"line":845,"column":28}},"845":{"start":{"line":846,"column":0},"end":{"line":846,"column":14}},"846":{"start":{"line":847,"column":0},"end":{"line":847,"column":12}},"847":{"start":{"line":848,"column":0},"end":{"line":848,"column":23}},"848":{"start":{"line":849,"column":0},"end":{"line":849,"column":10}},"849":{"start":{"line":850,"column":0},"end":{"line":850,"column":17}},"850":{"start":{"line":851,"column":0},"end":{"line":851,"column":23}},"851":{"start":{"line":852,"column":0},"end":{"line":852,"column":89}},"852":{"start":{"line":853,"column":0},"end":{"line":853,"column":20}},"853":{"start":{"line":854,"column":0},"end":{"line":854,"column":22}},"854":{"start":{"line":855,"column":0},"end":{"line":855,"column":10}},"855":{"start":{"line":856,"column":0},"end":{"line":856,"column":15}},"856":{"start":{"line":857,"column":0},"end":{"line":857,"column":11}},"857":{"start":{"line":858,"column":0},"end":{"line":858,"column":27}},"858":{"start":{"line":859,"column":0},"end":{"line":859,"column":129}},"859":{"start":{"line":860,"column":0},"end":{"line":860,"column":12}},"860":{"start":{"line":861,"column":0},"end":{"line":861,"column":11}},"861":{"start":{"line":862,"column":0},"end":{"line":862,"column":30}},"862":{"start":{"line":863,"column":0},"end":{"line":863,"column":139}},"863":{"start":{"line":864,"column":0},"end":{"line":864,"column":12}},"864":{"start":{"line":865,"column":0},"end":{"line":865,"column":10}},"865":{"start":{"line":866,"column":0},"end":{"line":866,"column":8}},"866":{"start":{"line":867,"column":0},"end":{"line":867,"column":7}},"867":{"start":{"line":868,"column":0},"end":{"line":868,"column":20}},"868":{"start":{"line":869,"column":0},"end":{"line":869,"column":43}},"869":{"start":{"line":870,"column":0},"end":{"line":870,"column":20}},"870":{"start":{"line":871,"column":0},"end":{"line":871,"column":249}},"871":{"start":{"line":872,"column":0},"end":{"line":872,"column":45}},"872":{"start":{"line":873,"column":0},"end":{"line":873,"column":20}},"873":{"start":{"line":874,"column":0},"end":{"line":874,"column":76}},"874":{"start":{"line":875,"column":0},"end":{"line":875,"column":27}},"875":{"start":{"line":876,"column":0},"end":{"line":876,"column":10}},"876":{"start":{"line":877,"column":0},"end":{"line":877,"column":78}},"877":{"start":{"line":878,"column":0},"end":{"line":878,"column":17}},"878":{"start":{"line":879,"column":0},"end":{"line":879,"column":24}},"879":{"start":{"line":880,"column":0},"end":{"line":880,"column":89}},"880":{"start":{"line":881,"column":0},"end":{"line":881,"column":18}},"881":{"start":{"line":882,"column":0},"end":{"line":882,"column":13}},"882":{"start":{"line":883,"column":0},"end":{"line":883,"column":78}},"883":{"start":{"line":884,"column":0},"end":{"line":884,"column":42}},"884":{"start":{"line":885,"column":0},"end":{"line":885,"column":14}},"885":{"start":{"line":886,"column":0},"end":{"line":886,"column":13}},"886":{"start":{"line":887,"column":0},"end":{"line":887,"column":78}},"887":{"start":{"line":888,"column":0},"end":{"line":888,"column":42}},"888":{"start":{"line":889,"column":0},"end":{"line":889,"column":14}},"889":{"start":{"line":890,"column":0},"end":{"line":890,"column":13}},"890":{"start":{"line":891,"column":0},"end":{"line":891,"column":77}},"891":{"start":{"line":892,"column":0},"end":{"line":892,"column":69}},"892":{"start":{"line":893,"column":0},"end":{"line":893,"column":14}},"893":{"start":{"line":894,"column":0},"end":{"line":894,"column":13}},"894":{"start":{"line":895,"column":0},"end":{"line":895,"column":77}},"895":{"start":{"line":896,"column":0},"end":{"line":896,"column":40}},"896":{"start":{"line":897,"column":0},"end":{"line":897,"column":14}},"897":{"start":{"line":898,"column":0},"end":{"line":898,"column":13}},"898":{"start":{"line":899,"column":0},"end":{"line":899,"column":77}},"899":{"start":{"line":900,"column":0},"end":{"line":900,"column":67}},"900":{"start":{"line":901,"column":0},"end":{"line":901,"column":14}},"901":{"start":{"line":902,"column":0},"end":{"line":902,"column":13}},"902":{"start":{"line":903,"column":0},"end":{"line":903,"column":78}},"903":{"start":{"line":904,"column":0},"end":{"line":904,"column":37}},"904":{"start":{"line":905,"column":0},"end":{"line":905,"column":14}},"905":{"start":{"line":906,"column":0},"end":{"line":906,"column":13}},"906":{"start":{"line":907,"column":0},"end":{"line":907,"column":77}},"907":{"start":{"line":908,"column":0},"end":{"line":908,"column":50}},"908":{"start":{"line":909,"column":0},"end":{"line":909,"column":14}},"909":{"start":{"line":910,"column":0},"end":{"line":910,"column":13}},"910":{"start":{"line":911,"column":0},"end":{"line":911,"column":78}},"911":{"start":{"line":912,"column":0},"end":{"line":912,"column":38}},"912":{"start":{"line":913,"column":0},"end":{"line":913,"column":14}},"913":{"start":{"line":914,"column":0},"end":{"line":914,"column":13}},"914":{"start":{"line":915,"column":0},"end":{"line":915,"column":78}},"915":{"start":{"line":916,"column":0},"end":{"line":916,"column":38}},"916":{"start":{"line":917,"column":0},"end":{"line":917,"column":14}},"917":{"start":{"line":918,"column":0},"end":{"line":918,"column":13}},"918":{"start":{"line":919,"column":0},"end":{"line":919,"column":78}},"919":{"start":{"line":920,"column":0},"end":{"line":920,"column":38}},"920":{"start":{"line":921,"column":0},"end":{"line":921,"column":14}},"921":{"start":{"line":922,"column":0},"end":{"line":922,"column":13}},"922":{"start":{"line":923,"column":0},"end":{"line":923,"column":78}},"923":{"start":{"line":924,"column":0},"end":{"line":924,"column":38}},"924":{"start":{"line":925,"column":0},"end":{"line":925,"column":14}},"925":{"start":{"line":926,"column":0},"end":{"line":926,"column":13}},"926":{"start":{"line":927,"column":0},"end":{"line":927,"column":78}},"927":{"start":{"line":928,"column":0},"end":{"line":928,"column":38}},"928":{"start":{"line":929,"column":0},"end":{"line":929,"column":14}},"929":{"start":{"line":930,"column":0},"end":{"line":930,"column":13}},"930":{"start":{"line":931,"column":0},"end":{"line":931,"column":78}},"931":{"start":{"line":932,"column":0},"end":{"line":932,"column":38}},"932":{"start":{"line":933,"column":0},"end":{"line":933,"column":14}},"933":{"start":{"line":934,"column":0},"end":{"line":934,"column":13}},"934":{"start":{"line":935,"column":0},"end":{"line":935,"column":78}},"935":{"start":{"line":936,"column":0},"end":{"line":936,"column":38}},"936":{"start":{"line":937,"colu
[...]
":{"line":1733,"column":0},"end":{"line":1733,"column":8}},"1733":{"start":{"line":1734,"column":0},"end":{"line":1734,"column":6}},"1734":{"start":{"line":1735,"column":0},"end":{"line":1735,"column":4}},"1735":{"start":{"line":1736,"column":0},"end":{"line":1736,"column":2}},"1736":{"start":{"line":1737,"column":0},"end":{"line":1737,"column":0}},"1737":{"start":{"line":1738,"column":0},"end":{"line":1738,"column":20}}},"s":{"0":1,"1":1,"2":1,"3":1,"4":1,"5":1,"6":1,"7":1,"8":1,"9":1,"10":1,"11":1,"12":1,"13":1,"14":1,"15":1,"16":1,"17":1,"18":1,"19":1,"20":1,"21":1,"22":1,"23":1,"24":1,"25":1,"26":1,"27":1,"28":1,"29":1,"30":1,"31":1,"32":1,"33":1,"34":1,"35":1,"36":1,"37":1,"38":1,"39":1,"40":1,"41":1,"42":1,"43":1,"44":1,"45":1,"46":1,"47":1,"48":1,"49":1,"50":1,"51":1,"52":1,"53":1,"54":1,"55":1,"56":1,"57":1,"58":1,"59":1,"60":1,"61":1,"62":1,"63":1,"64":1,"65":1,"66":1,"67":1,"68":1,"69":1,"70":1,"71":1,"72":1,"73":1,"74":1,"75":1,"76":1,"77":1,"78":1,"79":1,"80":1,"81":1,"82":1,"83":1,"84":1,"85":1,"86":1,"87":1,"88":1,"89":1,"90":1,"91":1,"92":1,"93":1,"94":1,"95":1,"96":1,"97":1,"98":1,"99":1,"100":1,"101":1,"102":1,"103":1,"104":1,"105":1,"106":1,"107":1,"108":1,"109":1,"110":1,"111":1,"112":1,"113":1,"114":1,"115":1,"116":1,"117":1,"118":1,"119":1,"120":1,"121":1,"122":1,"123":1,"124":1,"125":1,"126":1,"127":1,"128":1,"129":1,"130":1,"131":1,"132":1,"133":1,"134":1,"135":1,"136":1,"137":1,"138":1,"139":1,"140":1,"141":1,"142":1,"143":1,"144":1,"145":1,"146":1,"147":1,"148":1,"149":1,"150":1,"151":1,"152":1,"153":1,"154":1,"155":1,"156":1,"157":1,"158":1,"159":1,"160":1,"161":1,"162":1,"163":1,"164":1,"165":1,"166":1,"167":1,"168":1,"169":1,"170":1,"171":1,"172":1,"173":1,"174":1,"175":1,"176":1,"177":1,"178":1,"179":1,"180":1,"181":1,"182":1,"183":1,"184":1,"185":1,"186":1,"187":1,"188":1,"189":1,"190":1,"191":1,"192":1,"193":1,"194":1,"195":1,"196":1,"197":1,"198":1,"199":1,"200":1,"201":1,"202":1,"203":1,"204":1,"205":1,"206":1,"207":1,"208":1,"209":1,"210":1,"211":1,"212":1,"213":1,"214":1,"215":1,"216":1,"217":1,"218":1,"219":1,"220":1,"221":1,"222":1,"223":1,"224":1,"225":1,"226":1,"227":1,"228":1,"229":1,"230":1,"231":1,"232":1,"233":1,"234":1,"235":1,"236":1,"237":1,"238":1,"239":1,"240":1,"241":1,"242":1,"243":1,"244":1,"245":1,"246":1,"247":1,"248":1,"249":1,"250":1,"251":1,"252":1,"253":1,"254":1,"255":1,"256":1,"257":1,"258":1,"259":1,"260":1,"261":1,"262":1,"263":1,"264":1,"265":1,"266":1,"267":1,"268":1,"269":1,"270":1,"271":1,"272":1,"273":1,"274":1,"275":1,"276":1,"277":1,"278":1,"279":1,"280":1,"281":1,"282":1,"283":1,"284":1,"285":1,"286":1,"287":1,"288":1,"289":1,"290":1,"291":1,"292":1,"293":1,"294":1,"295":1,"296":1,"297":1,"298":1,"299":1,"300":1,"301":1,"302":1,"303":1,"304":1,"305":1,"306":1,"307":1,"308":1,"309":1,"310":1,"311":1,"312":1,"313":1,"314":1,"315":1,"316":1,"317":1,"318":1,"319":1,"320":1,"321":1,"322":1,"323":1,"324":1,"325":1,"326":1,"327":1,"328":1,"329":1,"330":1,"331":1,"332":1,"333":1,"334":1,"335":1,"336":1,"337":1,"338":1,"339":1,"340":1,"341":1,"342":1,"343":1,"344":1,"345":1,"346":1,"347":1,"348":1,"349":1,"350":1,"351":1,"352":1,"353":1,"354":1,"355":1,"356":1,"357":1,"358":1,"359":1,"360":1,"361":1,"362":1,"363":1,"364":1,"365":1,"366":1,"367":1,"368":1,"369":1,"370":1,"371":1,"372":1,"373":1,"374":1,"375":1,"376":1,"377":1,"378":1,"379":1,"380":1,"381":1,"382":1,"383":1,"384":1,"385":1,"386":1,"387":1,"388":1,"389":1,"390":1,"391":1,"392":1,"393":1,"394":1,"395":1,"396":1,"397":1,"398":1,"399":1,"400":1,"401":1,"402":1,"403":1,"404":1,"405":1,"406":1,"407":1,"408":1,"409":1,"410":1,"411":1,"412":1,"413":1,"414":1,"415":1,"416":1,"417":1,"418":1,"419":1,"420":1,"421":1,"422":1,"423":1,"424":1,"425":1,"426":1,"427":1,"428":1,"429":1,"430":1,"431":1,"432":1,"433":1,"434":1,"435":1,"436":1,"437":1,"438":1,"439":1,"440":1,"441":1,"442":1,"443":1,"444":1,"445":1,"446":1,"447":1,"448":1,"449":1,"450":1,"451":1,"452":1,"453":1,"454":1,"455":1,"456":1,"457":1,"458":1,"459":1,"460":1,"461":1,"462":1,"463":1,"464":1,"465":1,"466":1,"467":1,"468":1,"469":1,"470":1,"471":1,"472":1,"473":1,"474":1,"475":1,"476":1,"477":1,"478":1,"479":1,"480":1,"481":1,"482":1,"483":1,"484":1,"485":1,"486":1,"487":1,"488":1,"489":1,"490":1,"491":1,"492":1,"493":1,"494":1,"495":1,"496":1,"497":1,"498":1,"499":1,"500":1,"501":1,"502":1,"503":1,"504":1,"505":1,"506":1,"507":1,"508":1,"509":1,"510":1,"511":1,"512":1,"513":1,"514":1,"515":1,"516":1,"517":1,"518":1,"519":1,"520":1,"521":1,"522":1,"523":1,"524":1,"525":1,"526":1,"527":1,"528":1,"529":1,"530":1,"531":1,"532":1,"533":1,"534":1,"535":1,"536":1,"537":1,"538":1,"539":1,"540":1,"541":1,"542":1,"543":1,"544":1,"545":1,"546":1,"547":1,"548":1,"549":1,"550":1,"551":1,"552":1,"553":1,"554":1,"555":1,"556":1,"557":1,"558":1,"559":1,"560":1,"561":1,"562":1,"563":1,"564":1,"565":1,"566":1,"567":1,"568":1,"569":1,"570":1,"571":1,"572":1,"573":1,"574":1,"575":1,"576":1,"577":1,"578":1,"579":1,"580":1,"581":1,"582":1,"583":1,"584":1,"585":1,"586":1,"587":1,"588":1,"589":1,"590":1,"591":1,"592":1,"593":1,"594":1,"595":1,"596":1,"597":1,"598":1,"599":1,"600":1,"601":1,"602":1,"603":1,"604":1,"605":1,"606":1,"607":1,"608":1,"609":1,"610":1,"611":1,"612":1,"613":1,"614":1,"615":1,"616":1,"617":1,"618":1,"619":1,"620":1,"621":1,"622":1,"623":1,"624":1,"625":1,"626":1,"627":1,"628":1,"629":1,"630":1,"631":1,"632":1,"633":1,"634":1,"635":1,"636":1,"637":1,"638":1,"639":1,"640":1,"641":1,"642":1,"643":1,"644":1,"645":1,"646":1,"647":1,"648":1,"649":1,"650":1,"651":1,"652":1,"653":1,"654":1,"655":1,"656":1,"657":1,"658":1,"659":1,"660":1,"661":1,"662":1,"663":1,"664":1,"665":1,"666":1,"667":1,"668":1,"669":1,"670":1,"671":1,"672":1,"673":1,"674":1,"675":1,"676":1,"677":1,"678":1,"679":1,"680":1,"681":1,"682":1,"683":1,"684":1,"685":1,"686":1,"687":1,"688":1,"689":1,"690":1,"691":1,"692":1,"693":1,"694":1,"695":1,"696":1,"697":1,"698":1,"699":1,"700":1,"701":1,"702":1,"703":1,"704":1,"705":1,"706":1,"707":1,"708":1,"709":1,"710":1,"711":1,"712":1,"713":1,"714":1,"715":1,"716":1,"717":1,"718":1,"719":1,"720":1,"721":1,"722":1,"723":1,"724":1,"725":1,"726":1,"727":1,"728":1,"729":1,"730":1,"731":1,"732":1,"733":1,"734":1,"735":1,"736":1,"737":1,"738":1,"739":1,"740":1,"741":1,"742":1,"743":1,"744":1,"745":1,"746":1,"747":1,"748":1,"749":1,"750":1,"751":1,"752":1,"753":1,"754":1,"755":1,"756":1,"757":1,"758":1,"759":1,"760":1,"761":1,"762":1,"763":1,"764":1,"765":1,"766":1,"767":1,"768":1,"769":1,"770":1,"771":1,"772":1,"773":1,"774":1,"775":1,"776":1,"777":1,"778":1,"779":1,"780":1,"781":1,"782":1,"783":1,"784":1,"785":1,"786":1,"787":1,"788":1,"789":1,"790":1,"791":1,"792":1,"793":1,"794":1,"795":1,"796":1,"797":1,"798":1,"799":1,"800":1,"801":1,"802":1,"803":1,"804":1,"805":1,"806":1,"807":1,"808":1,"809":1,"810":1,"811":1,"812":1,"813":1,"814":1,"815":1,"816":1,"817":1,"818":1,"819":1,"820":1,"821":1,"822":1,"823":1,"824":1,"825":1,"826":1,"827":1,"828":1,"829":1,"830":1,"831":1,"832":1,"833":1,"834":1,"835":1,"836":1,"837":1,"838":1,"839":1,"840":1,"841":1,"842":1,"843":1,"844":1,"845":1,"846":1,"847":1,"848":1,"849":1,"850":1,"851":1,"852":1,"853":1,"854":1,"855":1,"856":1,"857":1,"858":1,"859":1,"860":1,"861":1,"862":1,"863":1,"864":1,"865":1,"866":1,"867":1,"868":1,"869":1,"870":1,"871":1,"872":1,"873":1,"874":1,"875":1,"876":1,"877":1,"878":1,"879":1,"880":1,"881":1,"882":1,"883":1,"884":1,"885":1,"886":1,"887":1,"888":1,"889":1,"890":1,"891":1,"892":1,"893":1,"894":1,"895":1,"896":1,"897":1,"898":1,"899":1,"900":1,"901":1,"902":1,"903":1,"904":1,"905":1,"906":1,"907":1,"908":1,"909":1,"910":1,"911":1,"912":1,"913":1,"914":1,"915":1,"916":1,"917":1,"918":1,"919":1,"920":1,"921":1,"922":1,"923":1,"924":1,"925":1,"926":1,"927":1,"928":1,"929":1,"930":1,"931":1,"932":1,"933":1,"934":1,"935":1,"936":1,"937":1,"938":1,"939":1,"940":1,"941":1,"942":1,"943":1,"944":1,"945":1,"946":1,"947":1,"948":1,"949":1,"950":1,"951":1,"952":1,"953":1,"954":1,"955":1,"956":1,"957":1,"958":1,"959":1,"960":1,"961":1,"962":1,"963":1,"964":1,"965":1,"966":1,"967":1,"968":1,"969":1,"970":1,"971":1,"972":1,"973":1,"974":1,"975":1,"976":1,"977":1,"978":1,"979":1,"980":1,"981":1,"982":1,"983":1,"984":1,"985":1,"986":1,"987":1,"988":1,"989":1,"990":1,"991":1,"992":1,"993":1,"994":1,"995":1,"996":1,"997":1,"998":1,"999":1,"1000":1,"1001":1,"1002":1,"1003":1,"1004":1,"1005":1,"1006":1,"1007":1,"1008":1,"1009":1,"1010":1,"1011":1,"1012":1,"1013":1,"1014":1,"1015":1,"1016":1,"1017":1,"1018":1,"1019":1,"1020":1,"1021":1,"1022":1,"1023":1,"1024":1,"1025":1,"1026":1,"1027":1,"1028":1,"1029":1,"1030":1,"1031":1,"1032":1,"1033":1,"1034":1,"1035":1,"1036":1,"1037":1,"1038":1,"1039":1,"1040":1,"1041":1,"1042":1,"1043":1,"1044":1,"1045":1,"1046":1,"1047":1,"1048":1,"1049":1,"1050":1,"1051":1,"1052":1,"1053":1,"1054":1,"1055":1,"1056":1,"1057":1,"1058":1,"1059":1,"1060":1,"1061":1,"1062":1,"1063":1,"1064":1,"1065":1,"1066":1,"1067":1,"1068":1,"1069":1,"1070":1,"1071":1,"1072":1,"1073":1,"1074":1,"1075":1,"1076":1,"1077":1,"1078":1,"1079":1,"1080":1,"1081":1,"1082":1,"1083":1,"1084":1,"1085":1,"1086":1,"1087":1,"1088":1,"1089":1,"1090":1,"1091":1,"1092":1,"1093":1,"1094":1,"1095":1,"1096":1,"1097":1,"1098":1,"1099":1,"1100":1,"1101":1,"1102":1,"1103":1,"1104":1,"1105":1,"1106":1,"1107":1,"1108":1,"1109":1,"1110":1,"1111":1,"1112":1,"1113":1,"1114":1,"1115":1,"1116":1,"1117":1,"1118":1,"1119":1,"1120":1,"1121":1,"1122":1,"1123":1,"1124":1,"1125":1,"1126":1,"1127":1,"1128":1,"1129":1,"1130":1,"1131":1,"1132":1,"1133":1,"1134":1,"1135":1,"1136":1,"1137":1,"1138":1,"1139":1,"1140":1,"1141":1,"1142":1,"1143":1,"1144":1,"1145":1,"1146":1,"1147":1,"1148":1,"1149":1,"1150":1,"1151":1,"1152":1,"1153":1,"1154":1,"1155":1,"1156":1,"1157":1,"1158":1,"1159":1,"1160":1,"1161":1,"1162":1,"1163":1,"1164":1,"1165":1,"1166":1,"1167":1,"1168":1,"1169":1,"1170":1,"1171":1,"1172":1,"1173":1,"1174":1,"1175":1,"1176":1,"1177":1,"1178":1,"1179":1,"1180":1,"1181":1,"1182":1,"1183":1,"1184":1,"1185":1,"1186":1,"1187":1,"1188":1,"1189":1,"1190":1,"1191":1,"1192":1,"1193":1,"1194":1,"1195":1,"1196":1,"1197":1,"1198":1,"1199":1,"1200":1,"1201":1,"1202":1,"1203":1,"1204":1,"1205":1,"1206":1,"1207":1,"1208":1,"1209":1,"1210":1,"1211":1,"1212":1,"1213":1,"1214":1,"1215":1,"1216":1,"1217":1,"1218":1,"1219":1,"1220":1,"1221":1,"1222":1,"1223":1,"1224":1,"1225":1,"1226":1,"1227":1,"1228":1,"1229":1,"1230":1,"1231":1,"1232":1,"1233":1,"1234":1,"1235":1,"1236":1,"1237":1,"1238":1,"1239":1,"1240":1,"1241":1,"1242":1,"1243":1,"1244":1,"1245":1,"1246":1,"1247":1,"1248":1,"1249":1,"1250":1,"1251":1,"1252":1,"1253":1,"1254":1,"1255":1,"1256":1,"1257":1,"1258":1,"1259":1,"1260":1,"1261":1,"1262":1,"1263":1,"1264":1,"1265":1,"1266":1,"1267":1,"1268":1,"1269":1,"1270":1,"1271":1,"1272":1,"1273":1,"1274":1,"1275":1,"1276":1,"1277":1,"1278":1,"1279":1,"1280":1,"1281":1,"1282":1,"1283":1,"1284":1,"1285":1,"1286":1,"1287":1,"1288":1,"1289":1,"1290":1,"1291":1,"1292":1,"1293":1,"1294":1,"1295":1,"1296":1,"1297":1,"1298":1,"1299":1,"1300":1,"1301":1,"1302":1,"1303":1,"1304":1,"1305":1,"1306":1,"1307":1,"1308":1,"1309":1,"1310":1,"1311":1,"1312":1,"1313":1,"1314":1,"1315":1,"1316":1,"1317":1,"1318":1,"1319":1,"1320":1,"1321":1,"1322":1,"1323":1,"1324":1,"1325":1,"1326":1,"1327":1,"1328":1,"1329":1,"1330":1,"1331":1,"1332":1,"1333":1,"1334":1,"1335":1,"1336":1,"1337":1,"1338":1,"1339":1,"1340":1,"1341":1,"1342":1,"1343":1,"1344":1,"1345":1,"1346":1,"1347":1,"1348":1,"1349":1,"1350":1,"1351":1,"1352":1,"1353":1,"1354":1,"1355":1,"1356":1,"1357":1,"1358":1,"1359":1,"1360":1,"1361":1,"1362":1,"1363":1,"1364":1,"1365":1,"1366":1,"1367":1,"1368":1,"1369":1,"1370":1,"1371":1,"1372":1,"1373":1,"1374":1,"1375":1,"1376":1,"1377":1,"1378":1,"1379":1,"1380":1,"1381":1,"1382":1,"1383":1,"1384":1,"1385":1,"1386":1,"1387":1,"1388":1,"1389":1,"1390":1,"1391":1,"1392":1,"1393":1,"1394":1,"1395":1,"1396":1,"1397":1,"1398":1,"1399":1,"1400":1,"1401":1,"1402":1,"1403":1,"1404":1,"1405":1,"1406":1,"1407":1,"1408":1,"1409":1,"1410":1,"1411":1,"1412":1,"1413":1,"1414":1,"1415":1,"1416":1,"1417":1,"1418":1,"1419":1,"1420":1,"1421":1,"1422":1,"1423":1,"1424":1,"1425":1,"1426":1,"1427":1,"1428":1,"1429":1,"1430":1,"1431":1,"1432":1,"1433":1,"1434":1,"1435":1,"1436":1,"1437":1,"1438":1,"1439":1,"1440":1,"1441":1,"1442":1,"1443":1,"1444":1,"1445":1,"1446":1,"1447":1,"1448":1,"1449":1,"1450":1,"1451":1,"1452":1,"1453":1,"1454":1,"1455":1,"1456":1,"1457":1,"1458":1,"1459":1,"1460":1,"1461":1,"1462":1,"1463":1,"1464":1,"1465":1,"1466":1,"1467":1,"1468":1,"1469":1,"1470":1,"1471":1,"1472":1,"1473":1,"1474":1,"1475":1,"1476":1,"1477":1,"1478":1,"1479":1,"1480":1,"1481":1,"1482":1,"1483":1,"1484":1,"1485":1,"1486":1,"1487":1,"1488":1,"1489":1,"1490":1,"1491":1,"1492":1,"1493":1,"1494":1,"1495":1,"1496":1,"1497":1,"1498":1,"1499":1,"1500":1,"1501":1,"1502":1,"1503":1,"1504":1,"1505":1,"1506":1,"1507":1,"1508":1,"1509":1,"1510":1,"1511":1,"1512":1,"1513":1,"1514":1,"1515":1,"1516":1,"1517":1,"1518":1,"1519":1,"1520":1,"1521":1,"1522":1,"1523":1,"1524":1,"1525":1,"1526":1,"1527":1,"1528":1,"1529":1,"1530":1,"1531":1,"1532":1,"1533":1,"1534":1,"1535":1,"1536":1,"1537":1,"1538":1,"1539":1,"1540":1,"1541":1,"1542":1,"1543":1,"1544":1,"1545":1,"1546":1,"1547":1,"1548":1,"1549":1,"1550":1,"1551":1,"1552":1,"1553":1,"1554":1,"1555":1,"1556":1,"1557":1,"1558":1,"1559":1,"1560":1,"1561":1,"1562":1,"1563":1,"1564":1,"1565":1,"1566":1,"1567":1,"1568":1,"1569":1,"1570":1,"1571":1,"1572":1,"1573":1,"1574":1,"1575":1,"1576":1,"1577":1,"1578":1,"1579":1,"1580":1,"1581":1,"1582":1,"1583":1,"1584":1,"1585":1,"1586":1,"1587":1,"1588":1,"1589":1,"1590":1,"1591":1,"1592":1,"1593":1,"1594":1,"1595":1,"1596":1,"1597":1,"1598":1,"1599":1,"1600":1,"1601":1,"1602":1,"1603":1,"1604":1,"1605":1,"1606":1,"1607":1,"1608":1,"1609":1,"1610":1,"1611":1,"1612":1,"1613":1,"1614":1,"1615":1,"1616":1,"1617":1,"1618":1,"1619":1,"1620":1,"1621":1,"1622":1,"1623":1,"1624":1,"1625":1,"1626":1,"1627":1,"1628":1,"1629":1,"1630":1,"1631":1,"1632":1,"1633":1,"1634":1,"1635":1,"1636":1,"1637":1,"1638":1,"1639":1,"1640":1,"1641":1,"1642":1,"1643":1,"1644":1,"1645":1,"1646":1,"1647":1,"1648":1,"1649":1,"1650":1,"1651":1,"1652":1,"1653":1,"1654":1,"1655":1,"1656":1,"1657":1,"1658":1,"1659":1,"1660":1,"1661":1,"1662":1,"1663":1,"1664":1,"1665":1,"1666":1,"1667":1,"1668":1,"1669":1,"1670":1,"1671":1,"1672":1,"1673":1,"1674":1,"1675":1,"1676":1,"1677":1,"1678":1,"1679":1,"1680":1,"1681":1,"1682":1,"1683":1,"1684":1,"1685":1,"1686":1,"1687":1,"1688":1,"1689":1,"1690":1,"1691":1,"1692":1,"1693":1,"1694":1,"1695":1,"1696":1,"1697":1,"1698":1,"1699":1,"1700":1,"1701":1,"1702":1,"1703":1,"1704":1,"1705":1,"1706":1,"1707":1,"1708":1,"1709":1,"1710":1,"1711":1,"1712":1,"1713":1,"1714":1,"1715":1,"1716":1,"1717":1,"1718":1,"1719":1,"1720":1,"1721":1,"1722":1,"1723":1,"1724":1,"1725":1,"1726":1,"1727":1,"1728":1,"1729":1,"1730":1,"1731":1,"1732":1,"1733":1,"1734":1,"1735":1,"1736":1,"1737":1},"branchMap":{},"b":{},"fnMap":{},"f":{}}
,"C:\\Users\\nikko\\Desktop\\front-end\\rolling-scopes\\rs-react-course\\src\\pages\\AboutPage\\AboutPage.tsx": {"path":"C:\\Users\\nikko\\Desktop\\front-end\\rolling-scopes\\rs-react-course\\src\\pages\\AboutPage\\AboutPage.tsx","all":false,"statementMap":{"0":{"start":{"line":1,"column":0},"end":{"line":1,"column":26}},"1":{"start":{"line":2,"column":0},"end":{"line":2,"column":64}},"2":{"start":{"line":3,"column":0},"end":{"line":3,"column":44}},"3":{"start":{"line":4,"column":0},"end":{"line":4,"column":0}},"4":{"start":{"line":5,"column":0},"end":{"line":5,"column":22}},"5":{"start":{"line":6,"column":0},"end":{"line":6,"column":10}},"6":{"start":{"line":7,"column":0},"end":{"line":7,"column":38}},"7":{"start":{"line":8,"column":0},"end":{"line":8,"column":20}},"8":{"start":{"line":9,"column":0},"end":{"line":9,"column":49}},"9":{"start":{"line":10,"column":0},"end":{"line":10,"column":10}},"10":{"start":{"line":11,"column":0},"end":{"line":11,"column":4}},"11":{"start":{"line":12,"column":0},"end":{"line":12,"column":1}},"12":{"start":{"line":13,"column":0},"end":{"line":13,"column":0}},"13":{"start":{"line":14,"column":0},"end":{"line":14,"column":25}}},"s":{"0":1,"1":1,"2":1,"3":1,"4":1,"5":1,"6":1,"7":1,"8":1,"9":1,"10":1,"11":1,"12":1,"13":1},"branchMap":{"0":{"type":"branch","line":5,"loc":{"start":{"line":5,"column":0},"end":{"line":12,"column":1}},"locations":[{"start":{"line":5,"column":0},"end":{"line":12,"column":1}}]}},"b":{"0":[1]},"fnMap":{"0":{"name":"AboutPage","decl":{"start":{"line":5,"column":0},"end":{"line":12,"column":1}},"loc":{"start":{"line":5,"column":0},"end":{"line":12,"column":1}},"line":5}},"f":{"0":1}}
,"C:\\Users\\nikko\\Desktop\\front-end\\rolling-scopes\\rs-react-course\\src\\pages\\ErrorPage\\ErrorPage.tsx": {"path":"C:\\Users\\nikko\\Desktop\\front-end\\rolling-scopes\\rs-react-course\\src\\pages\\ErrorPage\\ErrorPage.tsx","all":false,"statementMap":{"0":{"start":{"line":1,"column":0},"end":{"line":1,"column":26}},"1":{"start":{"line":2,"column":0},"end":{"line":2,"column":64}},"2":{"start":{"line":3,"column":0},"end":{"line":3,"column":44}},"3":{"start":{"line":4,"column":0},"end":{"line":4,"column":0}},"4":{"start":{"line":5,"column":0},"end":{"line":5,"column":37}},"5":{"start":{"line":6,"column":0},"end":{"line":6,"column":10}},"6":{"start":{"line":7,"column":0},"end":{"line":7,"column":38}},"7":{"start":{"line":8,"column":0},"end":{"line":8,"column":20}},"8":{"start":{"line":9,"column":0},"end":{"line":9,"column":80}},"9":{"start":{"line":10,"column":0},"end":{"line":10,"column":10}},"10":{"start":{"line":11,"column":0},"end":{"line":11,"column":4}},"11":{"start":{"line":12,"column":0},"end":{"line":12,"column":1}}},"s":{"0":1,"1":1,"2":1,"3":1,"4":1,"5":1,"6":1,"7":1,"8":1,"9":1,"10":1,"11":1},"branchMap":{"0":{"type":"branch","line":5,"loc":{"start":{"line":5,"column":0},"end":{"line":12,"column":1}},"locations":[{"start":{"line":5,"column":0},"end":{"line":12,"column":1}}]}},"b":{"0":[1]},"fnMap":{"0":{"name":"ErrorPage","decl":{"start":{"line":5,"column":0},"end":{"line":12,"column":1}},"loc":{"start":{"line":5,"column":0},"end":{"line":12,"column":1}},"line":5}},"f":{"0":1}}
,"C:\\Users\\nikko\\Desktop\\front-end\\rolling-scopes\\rs-react-course\\src\\pages\\MainPage\\MainPage.tsx": {"path":"C:\\Users\\nikko\\Desktop\\front-end\\rolling-scopes\\rs-react-course\\src\\pages\\MainPage\\MainPage.tsx","all":false,"statementMap":{"0":{"start":{"line":1,"column":0},"end":{"line":1,"column":26}},"1":{"start":{"line":2,"column":0},"end":{"line":2,"column":61}},"2":{"start":{"line":3,"column":0},"end":{"line":3,"column":61}},"3":{"start":{"line":4,"column":0},"end":{"line":4,"column":64}},"4":{"start":{"line":5,"column":0},"end":{"line":5,"column":0}},"5":{"start":{"line":6,"column":0},"end":{"line":6,"column":21}},"6":{"start":{"line":7,"column":0},"end":{"line":7,"column":10}},"7":{"start":{"line":8,"column":0},"end":{"line":8,"column":9}},"8":{"start":{"line":9,"column":0},"end":{"line":9,"column":20}},"9":{"start":{"line":10,"column":0},"end":{"line":10,"column":19}},"10":{"start":{"line":11,"column":0},"end":{"line":11,"column":19}},"11":{"start":{"line":12,"column":0},"end":{"line":12,"column":10}},"12":{"start":{"line":13,"column":0},"end":{"line":13,"column":4}},"13":{"start":{"line":14,"column":0},"end":{"line":14,"column":1}},"14":{"start":{"line":15,"column":0},"end":{"line":15,"column":0}},"15":{"start":{"line":16,"column":0},"end":{"line":16,"column":24}}},"s":{"0":1,"1":1,"2":1,"3":1,"4":1,"5":1,"6":1,"7":1,"8":1,"9":1,"10":1,"11":1,"12":1,"13":1,"14":1,"15":1},"branchMap":{"0":{"type":"branch","line":6,"loc":{"start":{"line":6,"column":0},"end":{"line":14,"column":1}},"locations":[{"start":{"line":6,"column":0},"end":{"line":14,"column":1}}]}},"b":{"0":[1]},"fnMap":{"0":{"name":"MainPage","decl":{"start":{"line":6,"column":0},"end":{"line":14,"column":1}},"loc":{"start":{"line":6,"column":0},"end":{"line":14,"column":1}},"line":6}},"f":{"0":1}}
}
